INFO:     Will watch for changes in these directories: ['/Users/xavasena/hive']
INFO:     Uvicorn running on http://127.0.0.1:8000 (Press CTRL+C to quit)
INFO:     Started reloader process [1039] using WatchFiles
2025-12-09 13:30:46,492 - SECURITY - INFO - NumExpr defaulting to 10 threads.
2025-12-09 13:30:52,444 - SECURITY - INFO - Gen3D Workload Manager initialized
INFO:     Started server process [1041]
INFO:     Waiting for application startup.
2025-12-09 13:30:52,495 - SECURITY - INFO - Registered QP handler for type 0x20
2025-12-09 13:30:52,495 - SECURITY - INFO - Registered QP handler for type 0x22
2025-12-09 13:30:52,495 - SECURITY - INFO - Registered QP handler for type 0x23
2025-12-09 13:30:52,495 - SECURITY - INFO - Registered QP handler for type 0x30
2025-12-09 13:30:52,495 - SECURITY - INFO - Registered QP handler for type 0x31
2025-12-09 13:30:52,495 - SECURITY - INFO - Registered QP handler for type 0x34
2025-12-09 13:30:52,495 - SECURITY - INFO - Registered QP handler for type 0x35
2025-12-09 13:30:52,495 - SECURITY - INFO - Registered QP handler for type 0x37
2025-12-09 13:30:52,495 - SECURITY - INFO - QP Protocol handler created with GPU and GIS operations
2025-12-09 13:30:52,495 - SECURITY - INFO - 🚀 Auto-scaler started
2025-12-09 13:30:52,496 - SECURITY - INFO - Gen3D task processor started
INFO:     Application startup complete.
⚠️  Database not available: [Errno 8] nodename nor servname provided, or not known
📝 Continuing without database (metrics will not be persisted)
✅ Database initialized
🔒 Security monitoring started
🌐 Distributed network coordinator started
⚡ Auto-scaler started (will scale 1-100 nodes)
🎨 Gen3D workload manager started (on-demand worker spawning)
🚀 QP Protocol handler initialized (Binary WebSocket - 10-20x faster than REST)
INFO:     127.0.0.1:64500 - "GET /api/gis/studio/status HTTP/1.1" 500 Internal Server Error
ERROR:    Exception in ASGI application
Traceback (most recent call last):
  File "/Users/xavasena/hive/.venv/lib/python3.13/site-packages/uvicorn/protocols/http/httptools_impl.py", line 409, in run_asgi
    result = await app(  # type: ignore[func-returns-value]
             ^^^^^^^^^^^^^^^^^^^^^^^^^^^^^^^^^^^^^^^^^^^^^^
        self.scope, self.receive, self.send
        ^^^^^^^^^^^^^^^^^^^^^^^^^^^^^^^^^^^
    )
    ^
  File "/Users/xavasena/hive/.venv/lib/python3.13/site-packages/uvicorn/middleware/proxy_headers.py", line 60, in __call__
    return await self.app(scope, receive, send)
           ^^^^^^^^^^^^^^^^^^^^^^^^^^^^^^^^^^^^
  File "/Users/xavasena/hive/.venv/lib/python3.13/site-packages/fastapi/applications.py", line 1139, in __call__
    await super().__call__(scope, receive, send)
  File "/Users/xavasena/hive/.venv/lib/python3.13/site-packages/starlette/applications.py", line 107, in __call__
    await self.middleware_stack(scope, receive, send)
  File "/Users/xavasena/hive/.venv/lib/python3.13/site-packages/starlette/middleware/errors.py", line 186, in __call__
    raise exc
  File "/Users/xavasena/hive/.venv/lib/python3.13/site-packages/starlette/middleware/errors.py", line 164, in __call__
    await self.app(scope, receive, _send)
  File "/Users/xavasena/hive/.venv/lib/python3.13/site-packages/starlette/middleware/cors.py", line 85, in __call__
    await self.app(scope, receive, send)
  File "/Users/xavasena/hive/.venv/lib/python3.13/site-packages/starlette/middleware/exceptions.py", line 63, in __call__
    await wrap_app_handling_exceptions(self.app, conn)(scope, receive, send)
  File "/Users/xavasena/hive/.venv/lib/python3.13/site-packages/starlette/_exception_handler.py", line 53, in wrapped_app
    raise exc
  File "/Users/xavasena/hive/.venv/lib/python3.13/site-packages/starlette/_exception_handler.py", line 42, in wrapped_app
    await app(scope, receive, sender)
  File "/Users/xavasena/hive/.venv/lib/python3.13/site-packages/fastapi/middleware/asyncexitstack.py", line 18, in __call__
    await self.app(scope, receive, send)
  File "/Users/xavasena/hive/.venv/lib/python3.13/site-packages/starlette/routing.py", line 716, in __call__
    await self.middleware_stack(scope, receive, send)
  File "/Users/xavasena/hive/.venv/lib/python3.13/site-packages/starlette/routing.py", line 736, in app
    await route.handle(scope, receive, send)
  File "/Users/xavasena/hive/.venv/lib/python3.13/site-packages/starlette/routing.py", line 290, in handle
    await self.app(scope, receive, send)
  File "/Users/xavasena/hive/.venv/lib/python3.13/site-packages/fastapi/routing.py", line 119, in app
    await wrap_app_handling_exceptions(app, request)(scope, receive, send)
  File "/Users/xavasena/hive/.venv/lib/python3.13/site-packages/starlette/_exception_handler.py", line 53, in wrapped_app
    raise exc
  File "/Users/xavasena/hive/.venv/lib/python3.13/site-packages/starlette/_exception_handler.py", line 42, in wrapped_app
    await app(scope, receive, sender)
  File "/Users/xavasena/hive/.venv/lib/python3.13/site-packages/fastapi/routing.py", line 105, in app
    response = await f(request)
               ^^^^^^^^^^^^^^^^
  File "/Users/xavasena/hive/.venv/lib/python3.13/site-packages/fastapi/routing.py", line 385, in app
    raw_response = await run_endpoint_function(
                   ^^^^^^^^^^^^^^^^^^^^^^^^^^^^
    ...<3 lines>...
    )
    ^
  File "/Users/xavasena/hive/.venv/lib/python3.13/site-packages/fastapi/routing.py", line 284, in run_endpoint_function
    return await dependant.call(**values)
           ^^^^^^^^^^^^^^^^^^^^^^^^^^^^^^
  File "/Users/xavasena/hive/backend/main.py", line 3606, in get_gis_studio_status
    "improvement": {"status": "ready", "feedback_count": len(gis_improvement.feedback_history)}
                                                             ^^^^^^^^^^^^^^^^^^^^^^^^^^^^^^^^
AttributeError: 'AdaptiveImprovementEngine' object has no attribute 'feedback_history'
INFO:     127.0.0.1:64502 - "POST /api/workload/3d HTTP/1.1" 200 OK
