2025-12-04 22:07:53,361 - SECURITY - INFO - select pg_catalog.version()
2025-12-04 22:07:53,361 - SECURITY - INFO - [raw sql] ()
2025-12-04 22:07:53,361 - SECURITY - INFO - select current_schema()
2025-12-04 22:07:53,362 - SECURITY - INFO - [raw sql] ()
2025-12-04 22:07:53,362 - SECURITY - INFO - show standard_conforming_strings
2025-12-04 22:07:53,362 - SECURITY - INFO - [raw sql] ()
2025-12-04 22:07:53,362 - SECURITY - INFO - BEGIN (implicit)
2025-12-04 22:07:53,364 - SECURITY - INFO - SELECT pg_catalog.pg_class.relname 
FROM pg_catalog.pg_class JOIN pg_catalog.pg_namespace ON pg_catalog.pg_namespace.oid = pg_catalog.pg_class.relnamespace 
WHERE pg_catalog.pg_class.relname = $1::VARCHAR AND pg_catalog.pg_class.relkind = ANY (ARRAY[$2::VARCHAR, $3::VARCHAR, $4::VARCHAR, $5::VARCHAR, $6::VARCHAR]) AND pg_catalog.pg_table_is_visible(pg_catalog.pg_class.oid) AND pg_catalog.pg_namespace.nspname != $7::VARCHAR
2025-12-04 22:07:53,364 - SECURITY - INFO - [generated in 0.00012s] ('performance_metrics', 'r', 'p', 'f', 'v', 'm', 'pg_catalog')
2025-12-04 22:07:53,366 - SECURITY - INFO - SELECT pg_catalog.pg_class.relname 
FROM pg_catalog.pg_class JOIN pg_catalog.pg_namespace ON pg_catalog.pg_namespace.oid = pg_catalog.pg_class.relnamespace 
WHERE pg_catalog.pg_class.relname = $1::VARCHAR AND pg_catalog.pg_class.relkind = ANY (ARRAY[$2::VARCHAR, $3::VARCHAR, $4::VARCHAR, $5::VARCHAR, $6::VARCHAR]) AND pg_catalog.pg_table_is_visible(pg_catalog.pg_class.oid) AND pg_catalog.pg_namespace.nspname != $7::VARCHAR
2025-12-04 22:07:53,366 - SECURITY - INFO - [cached since 0.001636s ago] ('test_scenarios', 'r', 'p', 'f', 'v', 'm', 'pg_catalog')
2025-12-04 22:07:53,366 - SECURITY - INFO - SELECT pg_catalog.pg_class.relname 
FROM pg_catalog.pg_class JOIN pg_catalog.pg_namespace ON pg_catalog.pg_namespace.oid = pg_catalog.pg_class.relnamespace 
WHERE pg_catalog.pg_class.relname = $1::VARCHAR AND pg_catalog.pg_class.relkind = ANY (ARRAY[$2::VARCHAR, $3::VARCHAR, $4::VARCHAR, $5::VARCHAR, $6::VARCHAR]) AND pg_catalog.pg_table_is_visible(pg_catalog.pg_class.oid) AND pg_catalog.pg_namespace.nspname != $7::VARCHAR
2025-12-04 22:07:53,366 - SECURITY - INFO - [cached since 0.001998s ago] ('training_sessions', 'r', 'p', 'f', 'v', 'm', 'pg_catalog')
2025-12-04 22:07:53,366 - SECURITY - INFO - COMMIT
2025-12-04 22:08:05,275 - SECURITY - INFO - select pg_catalog.version()
2025-12-04 22:08:05,275 - SECURITY - INFO - [raw sql] ()
2025-12-04 22:08:05,276 - SECURITY - INFO - select current_schema()
2025-12-04 22:08:05,276 - SECURITY - INFO - [raw sql] ()
2025-12-04 22:08:05,276 - SECURITY - INFO - show standard_conforming_strings
2025-12-04 22:08:05,276 - SECURITY - INFO - [raw sql] ()
2025-12-04 22:08:05,277 - SECURITY - INFO - BEGIN (implicit)
2025-12-04 22:08:05,279 - SECURITY - INFO - SELECT pg_catalog.pg_class.relname 
FROM pg_catalog.pg_class JOIN pg_catalog.pg_namespace ON pg_catalog.pg_namespace.oid = pg_catalog.pg_class.relnamespace 
WHERE pg_catalog.pg_class.relname = $1::VARCHAR AND pg_catalog.pg_class.relkind = ANY (ARRAY[$2::VARCHAR, $3::VARCHAR, $4::VARCHAR, $5::VARCHAR, $6::VARCHAR]) AND pg_catalog.pg_table_is_visible(pg_catalog.pg_class.oid) AND pg_catalog.pg_namespace.nspname != $7::VARCHAR
2025-12-04 22:08:05,279 - SECURITY - INFO - [generated in 0.00015s] ('performance_metrics', 'r', 'p', 'f', 'v', 'm', 'pg_catalog')
2025-12-04 22:08:05,280 - SECURITY - INFO - SELECT pg_catalog.pg_class.relname 
FROM pg_catalog.pg_class JOIN pg_catalog.pg_namespace ON pg_catalog.pg_namespace.oid = pg_catalog.pg_class.relnamespace 
WHERE pg_catalog.pg_class.relname = $1::VARCHAR AND pg_catalog.pg_class.relkind = ANY (ARRAY[$2::VARCHAR, $3::VARCHAR, $4::VARCHAR, $5::VARCHAR, $6::VARCHAR]) AND pg_catalog.pg_table_is_visible(pg_catalog.pg_class.oid) AND pg_catalog.pg_namespace.nspname != $7::VARCHAR
2025-12-04 22:08:05,280 - SECURITY - INFO - [cached since 0.001713s ago] ('test_scenarios', 'r', 'p', 'f', 'v', 'm', 'pg_catalog')
2025-12-04 22:08:05,281 - SECURITY - INFO - SELECT pg_catalog.pg_class.relname 
FROM pg_catalog.pg_class JOIN pg_catalog.pg_namespace ON pg_catalog.pg_namespace.oid = pg_catalog.pg_class.relnamespace 
WHERE pg_catalog.pg_class.relname = $1::VARCHAR AND pg_catalog.pg_class.relkind = ANY (ARRAY[$2::VARCHAR, $3::VARCHAR, $4::VARCHAR, $5::VARCHAR, $6::VARCHAR]) AND pg_catalog.pg_table_is_visible(pg_catalog.pg_class.oid) AND pg_catalog.pg_namespace.nspname != $7::VARCHAR
2025-12-04 22:08:05,281 - SECURITY - INFO - [cached since 0.00217s ago] ('training_sessions', 'r', 'p', 'f', 'v', 'm', 'pg_catalog')
2025-12-04 22:08:05,281 - SECURITY - INFO - COMMIT
2025-12-04 22:08:09,039 - SECURITY - WARNING - FORCE CLEANUP initiated
2025-12-04 22:08:09,619 - SECURITY - INFO - select pg_catalog.version()
2025-12-04 22:08:09,619 - SECURITY - INFO - [raw sql] ()
2025-12-04 22:08:09,620 - SECURITY - INFO - select current_schema()
2025-12-04 22:08:09,620 - SECURITY - INFO - [raw sql] ()
2025-12-04 22:08:09,621 - SECURITY - INFO - show standard_conforming_strings
2025-12-04 22:08:09,621 - SECURITY - INFO - [raw sql] ()
2025-12-04 22:08:09,621 - SECURITY - INFO - BEGIN (implicit)
2025-12-04 22:08:09,623 - SECURITY - INFO - SELECT pg_catalog.pg_class.relname 
FROM pg_catalog.pg_class JOIN pg_catalog.pg_namespace ON pg_catalog.pg_namespace.oid = pg_catalog.pg_class.relnamespace 
WHERE pg_catalog.pg_class.relname = $1::VARCHAR AND pg_catalog.pg_class.relkind = ANY (ARRAY[$2::VARCHAR, $3::VARCHAR, $4::VARCHAR, $5::VARCHAR, $6::VARCHAR]) AND pg_catalog.pg_table_is_visible(pg_catalog.pg_class.oid) AND pg_catalog.pg_namespace.nspname != $7::VARCHAR
2025-12-04 22:08:09,623 - SECURITY - INFO - [generated in 0.00016s] ('performance_metrics', 'r', 'p', 'f', 'v', 'm', 'pg_catalog')
2025-12-04 22:08:09,625 - SECURITY - INFO - SELECT pg_catalog.pg_class.relname 
FROM pg_catalog.pg_class JOIN pg_catalog.pg_namespace ON pg_catalog.pg_namespace.oid = pg_catalog.pg_class.relnamespace 
WHERE pg_catalog.pg_class.relname = $1::VARCHAR AND pg_catalog.pg_class.relkind = ANY (ARRAY[$2::VARCHAR, $3::VARCHAR, $4::VARCHAR, $5::VARCHAR, $6::VARCHAR]) AND pg_catalog.pg_table_is_visible(pg_catalog.pg_class.oid) AND pg_catalog.pg_namespace.nspname != $7::VARCHAR
2025-12-04 22:08:09,625 - SECURITY - INFO - [cached since 0.002127s ago] ('test_scenarios', 'r', 'p', 'f', 'v', 'm', 'pg_catalog')
2025-12-04 22:08:09,626 - SECURITY - INFO - SELECT pg_catalog.pg_class.relname 
FROM pg_catalog.pg_class JOIN pg_catalog.pg_namespace ON pg_catalog.pg_namespace.oid = pg_catalog.pg_class.relnamespace 
WHERE pg_catalog.pg_class.relname = $1::VARCHAR AND pg_catalog.pg_class.relkind = ANY (ARRAY[$2::VARCHAR, $3::VARCHAR, $4::VARCHAR, $5::VARCHAR, $6::VARCHAR]) AND pg_catalog.pg_table_is_visible(pg_catalog.pg_class.oid) AND pg_catalog.pg_namespace.nspname != $7::VARCHAR
2025-12-04 22:08:09,626 - SECURITY - INFO - [cached since 0.00257s ago] ('training_sessions', 'r', 'p', 'f', 'v', 'm', 'pg_catalog')
2025-12-04 22:08:09,626 - SECURITY - INFO - COMMIT
2025-12-04 22:08:16,735 - SECURITY - WARNING - FORCE CLEANUP initiated
2025-12-04 22:08:17,312 - SECURITY - INFO - select pg_catalog.version()
2025-12-04 22:08:17,312 - SECURITY - INFO - [raw sql] ()
2025-12-04 22:08:17,313 - SECURITY - INFO - select current_schema()
2025-12-04 22:08:17,313 - SECURITY - INFO - [raw sql] ()
2025-12-04 22:08:17,314 - SECURITY - INFO - show standard_conforming_strings
2025-12-04 22:08:17,314 - SECURITY - INFO - [raw sql] ()
2025-12-04 22:08:17,314 - SECURITY - INFO - BEGIN (implicit)
2025-12-04 22:08:17,316 - SECURITY - INFO - SELECT pg_catalog.pg_class.relname 
FROM pg_catalog.pg_class JOIN pg_catalog.pg_namespace ON pg_catalog.pg_namespace.oid = pg_catalog.pg_class.relnamespace 
WHERE pg_catalog.pg_class.relname = $1::VARCHAR AND pg_catalog.pg_class.relkind = ANY (ARRAY[$2::VARCHAR, $3::VARCHAR, $4::VARCHAR, $5::VARCHAR, $6::VARCHAR]) AND pg_catalog.pg_table_is_visible(pg_catalog.pg_class.oid) AND pg_catalog.pg_namespace.nspname != $7::VARCHAR
2025-12-04 22:08:17,316 - SECURITY - INFO - [generated in 0.00014s] ('performance_metrics', 'r', 'p', 'f', 'v', 'm', 'pg_catalog')
2025-12-04 22:08:17,317 - SECURITY - INFO - SELECT pg_catalog.pg_class.relname 
FROM pg_catalog.pg_class JOIN pg_catalog.pg_namespace ON pg_catalog.pg_namespace.oid = pg_catalog.pg_class.relnamespace 
WHERE pg_catalog.pg_class.relname = $1::VARCHAR AND pg_catalog.pg_class.relkind = ANY (ARRAY[$2::VARCHAR, $3::VARCHAR, $4::VARCHAR, $5::VARCHAR, $6::VARCHAR]) AND pg_catalog.pg_table_is_visible(pg_catalog.pg_class.oid) AND pg_catalog.pg_namespace.nspname != $7::VARCHAR
2025-12-04 22:08:17,318 - SECURITY - INFO - [cached since 0.001858s ago] ('test_scenarios', 'r', 'p', 'f', 'v', 'm', 'pg_catalog')
2025-12-04 22:08:17,318 - SECURITY - INFO - SELECT pg_catalog.pg_class.relname 
FROM pg_catalog.pg_class JOIN pg_catalog.pg_namespace ON pg_catalog.pg_namespace.oid = pg_catalog.pg_class.relnamespace 
WHERE pg_catalog.pg_class.relname = $1::VARCHAR AND pg_catalog.pg_class.relkind = ANY (ARRAY[$2::VARCHAR, $3::VARCHAR, $4::VARCHAR, $5::VARCHAR, $6::VARCHAR]) AND pg_catalog.pg_table_is_visible(pg_catalog.pg_class.oid) AND pg_catalog.pg_namespace.nspname != $7::VARCHAR
2025-12-04 22:08:17,318 - SECURITY - INFO - [cached since 0.002218s ago] ('training_sessions', 'r', 'p', 'f', 'v', 'm', 'pg_catalog')
2025-12-04 22:08:17,318 - SECURITY - INFO - COMMIT
2025-12-04 22:08:31,761 - SECURITY - WARNING - FORCE CLEANUP initiated
2025-12-04 22:08:32,294 - SECURITY - INFO - select pg_catalog.version()
2025-12-04 22:08:32,294 - SECURITY - INFO - [raw sql] ()
2025-12-04 22:08:32,295 - SECURITY - INFO - select current_schema()
2025-12-04 22:08:32,295 - SECURITY - INFO - [raw sql] ()
2025-12-04 22:08:32,296 - SECURITY - INFO - show standard_conforming_strings
2025-12-04 22:08:32,296 - SECURITY - INFO - [raw sql] ()
2025-12-04 22:08:32,296 - SECURITY - INFO - BEGIN (implicit)
2025-12-04 22:08:32,298 - SECURITY - INFO - SELECT pg_catalog.pg_class.relname 
FROM pg_catalog.pg_class JOIN pg_catalog.pg_namespace ON pg_catalog.pg_namespace.oid = pg_catalog.pg_class.relnamespace 
WHERE pg_catalog.pg_class.relname = $1::VARCHAR AND pg_catalog.pg_class.relkind = ANY (ARRAY[$2::VARCHAR, $3::VARCHAR, $4::VARCHAR, $5::VARCHAR, $6::VARCHAR]) AND pg_catalog.pg_table_is_visible(pg_catalog.pg_class.oid) AND pg_catalog.pg_namespace.nspname != $7::VARCHAR
2025-12-04 22:08:32,298 - SECURITY - INFO - [generated in 0.00013s] ('performance_metrics', 'r', 'p', 'f', 'v', 'm', 'pg_catalog')
2025-12-04 22:08:32,299 - SECURITY - INFO - SELECT pg_catalog.pg_class.relname 
FROM pg_catalog.pg_class JOIN pg_catalog.pg_namespace ON pg_catalog.pg_namespace.oid = pg_catalog.pg_class.relnamespace 
WHERE pg_catalog.pg_class.relname = $1::VARCHAR AND pg_catalog.pg_class.relkind = ANY (ARRAY[$2::VARCHAR, $3::VARCHAR, $4::VARCHAR, $5::VARCHAR, $6::VARCHAR]) AND pg_catalog.pg_table_is_visible(pg_catalog.pg_class.oid) AND pg_catalog.pg_namespace.nspname != $7::VARCHAR
2025-12-04 22:08:32,299 - SECURITY - INFO - [cached since 0.001656s ago] ('test_scenarios', 'r', 'p', 'f', 'v', 'm', 'pg_catalog')
2025-12-04 22:08:32,300 - SECURITY - INFO - SELECT pg_catalog.pg_class.relname 
FROM pg_catalog.pg_class JOIN pg_catalog.pg_namespace ON pg_catalog.pg_namespace.oid = pg_catalog.pg_class.relnamespace 
WHERE pg_catalog.pg_class.relname = $1::VARCHAR AND pg_catalog.pg_class.relkind = ANY (ARRAY[$2::VARCHAR, $3::VARCHAR, $4::VARCHAR, $5::VARCHAR, $6::VARCHAR]) AND pg_catalog.pg_table_is_visible(pg_catalog.pg_class.oid) AND pg_catalog.pg_namespace.nspname != $7::VARCHAR
2025-12-04 22:08:32,300 - SECURITY - INFO - [cached since 0.002061s ago] ('training_sessions', 'r', 'p', 'f', 'v', 'm', 'pg_catalog')
2025-12-04 22:08:32,300 - SECURITY - INFO - COMMIT
2025-12-04 22:08:33,723 - SECURITY - WARNING - FORCE CLEANUP initiated
2025-12-04 22:08:34,253 - SECURITY - INFO - select pg_catalog.version()
2025-12-04 22:08:34,253 - SECURITY - INFO - [raw sql] ()
2025-12-04 22:08:34,254 - SECURITY - INFO - select current_schema()
2025-12-04 22:08:34,254 - SECURITY - INFO - [raw sql] ()
2025-12-04 22:08:34,254 - SECURITY - INFO - show standard_conforming_strings
2025-12-04 22:08:34,254 - SECURITY - INFO - [raw sql] ()
2025-12-04 22:08:34,255 - SECURITY - INFO - BEGIN (implicit)
2025-12-04 22:08:34,257 - SECURITY - INFO - SELECT pg_catalog.pg_class.relname 
FROM pg_catalog.pg_class JOIN pg_catalog.pg_namespace ON pg_catalog.pg_namespace.oid = pg_catalog.pg_class.relnamespace 
WHERE pg_catalog.pg_class.relname = $1::VARCHAR AND pg_catalog.pg_class.relkind = ANY (ARRAY[$2::VARCHAR, $3::VARCHAR, $4::VARCHAR, $5::VARCHAR, $6::VARCHAR]) AND pg_catalog.pg_table_is_visible(pg_catalog.pg_class.oid) AND pg_catalog.pg_namespace.nspname != $7::VARCHAR
2025-12-04 22:08:34,257 - SECURITY - INFO - [generated in 0.00017s] ('performance_metrics', 'r', 'p', 'f', 'v', 'm', 'pg_catalog')
2025-12-04 22:08:34,258 - SECURITY - INFO - SELECT pg_catalog.pg_class.relname 
FROM pg_catalog.pg_class JOIN pg_catalog.pg_namespace ON pg_catalog.pg_namespace.oid = pg_catalog.pg_class.relnamespace 
WHERE pg_catalog.pg_class.relname = $1::VARCHAR AND pg_catalog.pg_class.relkind = ANY (ARRAY[$2::VARCHAR, $3::VARCHAR, $4::VARCHAR, $5::VARCHAR, $6::VARCHAR]) AND pg_catalog.pg_table_is_visible(pg_catalog.pg_class.oid) AND pg_catalog.pg_namespace.nspname != $7::VARCHAR
2025-12-04 22:08:34,258 - SECURITY - INFO - [cached since 0.001778s ago] ('test_scenarios', 'r', 'p', 'f', 'v', 'm', 'pg_catalog')
2025-12-04 22:08:34,259 - SECURITY - INFO - SELECT pg_catalog.pg_class.relname 
FROM pg_catalog.pg_class JOIN pg_catalog.pg_namespace ON pg_catalog.pg_namespace.oid = pg_catalog.pg_class.relnamespace 
WHERE pg_catalog.pg_class.relname = $1::VARCHAR AND pg_catalog.pg_class.relkind = ANY (ARRAY[$2::VARCHAR, $3::VARCHAR, $4::VARCHAR, $5::VARCHAR, $6::VARCHAR]) AND pg_catalog.pg_table_is_visible(pg_catalog.pg_class.oid) AND pg_catalog.pg_namespace.nspname != $7::VARCHAR
2025-12-04 22:08:34,259 - SECURITY - INFO - [cached since 0.002173s ago] ('training_sessions', 'r', 'p', 'f', 'v', 'm', 'pg_catalog')
2025-12-04 22:08:34,259 - SECURITY - INFO - COMMIT
2025-12-04 22:08:47,976 - SECURITY - WARNING - FORCE CLEANUP initiated
2025-12-04 22:08:48,586 - SECURITY - INFO - select pg_catalog.version()
2025-12-04 22:08:48,586 - SECURITY - INFO - [raw sql] ()
2025-12-04 22:08:48,587 - SECURITY - INFO - select current_schema()
2025-12-04 22:08:48,587 - SECURITY - INFO - [raw sql] ()
2025-12-04 22:08:48,587 - SECURITY - INFO - show standard_conforming_strings
2025-12-04 22:08:48,587 - SECURITY - INFO - [raw sql] ()
2025-12-04 22:08:48,588 - SECURITY - INFO - BEGIN (implicit)
2025-12-04 22:08:48,589 - SECURITY - INFO - SELECT pg_catalog.pg_class.relname 
FROM pg_catalog.pg_class JOIN pg_catalog.pg_namespace ON pg_catalog.pg_namespace.oid = pg_catalog.pg_class.relnamespace 
WHERE pg_catalog.pg_class.relname = $1::VARCHAR AND pg_catalog.pg_class.relkind = ANY (ARRAY[$2::VARCHAR, $3::VARCHAR, $4::VARCHAR, $5::VARCHAR, $6::VARCHAR]) AND pg_catalog.pg_table_is_visible(pg_catalog.pg_class.oid) AND pg_catalog.pg_namespace.nspname != $7::VARCHAR
2025-12-04 22:08:48,589 - SECURITY - INFO - [generated in 0.00014s] ('performance_metrics', 'r', 'p', 'f', 'v', 'm', 'pg_catalog')
2025-12-04 22:08:48,591 - SECURITY - INFO - SELECT pg_catalog.pg_class.relname 
FROM pg_catalog.pg_class JOIN pg_catalog.pg_namespace ON pg_catalog.pg_namespace.oid = pg_catalog.pg_class.relnamespace 
WHERE pg_catalog.pg_class.relname = $1::VARCHAR AND pg_catalog.pg_class.relkind = ANY (ARRAY[$2::VARCHAR, $3::VARCHAR, $4::VARCHAR, $5::VARCHAR, $6::VARCHAR]) AND pg_catalog.pg_table_is_visible(pg_catalog.pg_class.oid) AND pg_catalog.pg_namespace.nspname != $7::VARCHAR
2025-12-04 22:08:48,591 - SECURITY - INFO - [cached since 0.001684s ago] ('test_scenarios', 'r', 'p', 'f', 'v', 'm', 'pg_catalog')
2025-12-04 22:08:48,591 - SECURITY - INFO - SELECT pg_catalog.pg_class.relname 
FROM pg_catalog.pg_class JOIN pg_catalog.pg_namespace ON pg_catalog.pg_namespace.oid = pg_catalog.pg_class.relnamespace 
WHERE pg_catalog.pg_class.relname = $1::VARCHAR AND pg_catalog.pg_class.relkind = ANY (ARRAY[$2::VARCHAR, $3::VARCHAR, $4::VARCHAR, $5::VARCHAR, $6::VARCHAR]) AND pg_catalog.pg_table_is_visible(pg_catalog.pg_class.oid) AND pg_catalog.pg_namespace.nspname != $7::VARCHAR
2025-12-04 22:08:48,591 - SECURITY - INFO - [cached since 0.002029s ago] ('training_sessions', 'r', 'p', 'f', 'v', 'm', 'pg_catalog')
2025-12-04 22:08:48,592 - SECURITY - INFO - COMMIT
2025-12-04 22:08:54,983 - SECURITY - WARNING - FORCE CLEANUP initiated
2025-12-04 22:08:55,530 - SECURITY - INFO - select pg_catalog.version()
2025-12-04 22:08:55,530 - SECURITY - INFO - [raw sql] ()
2025-12-04 22:08:55,531 - SECURITY - INFO - select current_schema()
2025-12-04 22:08:55,531 - SECURITY - INFO - [raw sql] ()
2025-12-04 22:08:55,531 - SECURITY - INFO - show standard_conforming_strings
2025-12-04 22:08:55,531 - SECURITY - INFO - [raw sql] ()
2025-12-04 22:08:55,532 - SECURITY - INFO - BEGIN (implicit)
2025-12-04 22:08:55,533 - SECURITY - INFO - SELECT pg_catalog.pg_class.relname 
FROM pg_catalog.pg_class JOIN pg_catalog.pg_namespace ON pg_catalog.pg_namespace.oid = pg_catalog.pg_class.relnamespace 
WHERE pg_catalog.pg_class.relname = $1::VARCHAR AND pg_catalog.pg_class.relkind = ANY (ARRAY[$2::VARCHAR, $3::VARCHAR, $4::VARCHAR, $5::VARCHAR, $6::VARCHAR]) AND pg_catalog.pg_table_is_visible(pg_catalog.pg_class.oid) AND pg_catalog.pg_namespace.nspname != $7::VARCHAR
2025-12-04 22:08:55,533 - SECURITY - INFO - [generated in 0.00013s] ('performance_metrics', 'r', 'p', 'f', 'v', 'm', 'pg_catalog')
2025-12-04 22:08:55,535 - SECURITY - INFO - SELECT pg_catalog.pg_class.relname 
FROM pg_catalog.pg_class JOIN pg_catalog.pg_namespace ON pg_catalog.pg_namespace.oid = pg_catalog.pg_class.relnamespace 
WHERE pg_catalog.pg_class.relname = $1::VARCHAR AND pg_catalog.pg_class.relkind = ANY (ARRAY[$2::VARCHAR, $3::VARCHAR, $4::VARCHAR, $5::VARCHAR, $6::VARCHAR]) AND pg_catalog.pg_table_is_visible(pg_catalog.pg_class.oid) AND pg_catalog.pg_namespace.nspname != $7::VARCHAR
2025-12-04 22:08:55,535 - SECURITY - INFO - [cached since 0.001636s ago] ('test_scenarios', 'r', 'p', 'f', 'v', 'm', 'pg_catalog')
2025-12-04 22:08:55,535 - SECURITY - INFO - SELECT pg_catalog.pg_class.relname 
FROM pg_catalog.pg_class JOIN pg_catalog.pg_namespace ON pg_catalog.pg_namespace.oid = pg_catalog.pg_class.relnamespace 
WHERE pg_catalog.pg_class.relname = $1::VARCHAR AND pg_catalog.pg_class.relkind = ANY (ARRAY[$2::VARCHAR, $3::VARCHAR, $4::VARCHAR, $5::VARCHAR, $6::VARCHAR]) AND pg_catalog.pg_table_is_visible(pg_catalog.pg_class.oid) AND pg_catalog.pg_namespace.nspname != $7::VARCHAR
2025-12-04 22:08:55,535 - SECURITY - INFO - [cached since 0.001995s ago] ('training_sessions', 'r', 'p', 'f', 'v', 'm', 'pg_catalog')
2025-12-04 22:08:55,535 - SECURITY - INFO - COMMIT
2025-12-04 22:08:59,296 - SECURITY - WARNING - FORCE CLEANUP initiated
2025-12-04 22:08:59,849 - SECURITY - INFO - select pg_catalog.version()
2025-12-04 22:08:59,849 - SECURITY - INFO - [raw sql] ()
2025-12-04 22:08:59,849 - SECURITY - INFO - select current_schema()
2025-12-04 22:08:59,850 - SECURITY - INFO - [raw sql] ()
2025-12-04 22:08:59,850 - SECURITY - INFO - show standard_conforming_strings
2025-12-04 22:08:59,850 - SECURITY - INFO - [raw sql] ()
2025-12-04 22:08:59,850 - SECURITY - INFO - BEGIN (implicit)
2025-12-04 22:08:59,852 - SECURITY - INFO - SELECT pg_catalog.pg_class.relname 
FROM pg_catalog.pg_class JOIN pg_catalog.pg_namespace ON pg_catalog.pg_namespace.oid = pg_catalog.pg_class.relnamespace 
WHERE pg_catalog.pg_class.relname = $1::VARCHAR AND pg_catalog.pg_class.relkind = ANY (ARRAY[$2::VARCHAR, $3::VARCHAR, $4::VARCHAR, $5::VARCHAR, $6::VARCHAR]) AND pg_catalog.pg_table_is_visible(pg_catalog.pg_class.oid) AND pg_catalog.pg_namespace.nspname != $7::VARCHAR
2025-12-04 22:08:59,852 - SECURITY - INFO - [generated in 0.00014s] ('performance_metrics', 'r', 'p', 'f', 'v', 'm', 'pg_catalog')
2025-12-04 22:08:59,854 - SECURITY - INFO - SELECT pg_catalog.pg_class.relname 
FROM pg_catalog.pg_class JOIN pg_catalog.pg_namespace ON pg_catalog.pg_namespace.oid = pg_catalog.pg_class.relnamespace 
WHERE pg_catalog.pg_class.relname = $1::VARCHAR AND pg_catalog.pg_class.relkind = ANY (ARRAY[$2::VARCHAR, $3::VARCHAR, $4::VARCHAR, $5::VARCHAR, $6::VARCHAR]) AND pg_catalog.pg_table_is_visible(pg_catalog.pg_class.oid) AND pg_catalog.pg_namespace.nspname != $7::VARCHAR
2025-12-04 22:08:59,854 - SECURITY - INFO - [cached since 0.001697s ago] ('test_scenarios', 'r', 'p', 'f', 'v', 'm', 'pg_catalog')
2025-12-04 22:08:59,854 - SECURITY - INFO - SELECT pg_catalog.pg_class.relname 
FROM pg_catalog.pg_class JOIN pg_catalog.pg_namespace ON pg_catalog.pg_namespace.oid = pg_catalog.pg_class.relnamespace 
WHERE pg_catalog.pg_class.relname = $1::VARCHAR AND pg_catalog.pg_class.relkind = ANY (ARRAY[$2::VARCHAR, $3::VARCHAR, $4::VARCHAR, $5::VARCHAR, $6::VARCHAR]) AND pg_catalog.pg_table_is_visible(pg_catalog.pg_class.oid) AND pg_catalog.pg_namespace.nspname != $7::VARCHAR
2025-12-04 22:08:59,854 - SECURITY - INFO - [cached since 0.002137s ago] ('training_sessions', 'r', 'p', 'f', 'v', 'm', 'pg_catalog')
2025-12-04 22:08:59,854 - SECURITY - INFO - COMMIT
2025-12-04 22:09:08,187 - SECURITY - WARNING - FORCE CLEANUP initiated
2025-12-04 22:09:08,718 - SECURITY - INFO - select pg_catalog.version()
2025-12-04 22:09:08,718 - SECURITY - INFO - [raw sql] ()
2025-12-04 22:09:08,718 - SECURITY - INFO - select current_schema()
2025-12-04 22:09:08,719 - SECURITY - INFO - [raw sql] ()
2025-12-04 22:09:08,719 - SECURITY - INFO - show standard_conforming_strings
2025-12-04 22:09:08,719 - SECURITY - INFO - [raw sql] ()
2025-12-04 22:09:08,720 - SECURITY - INFO - BEGIN (implicit)
2025-12-04 22:09:08,721 - SECURITY - INFO - SELECT pg_catalog.pg_class.relname 
FROM pg_catalog.pg_class JOIN pg_catalog.pg_namespace ON pg_catalog.pg_namespace.oid = pg_catalog.pg_class.relnamespace 
WHERE pg_catalog.pg_class.relname = $1::VARCHAR AND pg_catalog.pg_class.relkind = ANY (ARRAY[$2::VARCHAR, $3::VARCHAR, $4::VARCHAR, $5::VARCHAR, $6::VARCHAR]) AND pg_catalog.pg_table_is_visible(pg_catalog.pg_class.oid) AND pg_catalog.pg_namespace.nspname != $7::VARCHAR
2025-12-04 22:09:08,721 - SECURITY - INFO - [generated in 0.00014s] ('performance_metrics', 'r', 'p', 'f', 'v', 'm', 'pg_catalog')
2025-12-04 22:09:08,723 - SECURITY - INFO - SELECT pg_catalog.pg_class.relname 
FROM pg_catalog.pg_class JOIN pg_catalog.pg_namespace ON pg_catalog.pg_namespace.oid = pg_catalog.pg_class.relnamespace 
WHERE pg_catalog.pg_class.relname = $1::VARCHAR AND pg_catalog.pg_class.relkind = ANY (ARRAY[$2::VARCHAR, $3::VARCHAR, $4::VARCHAR, $5::VARCHAR, $6::VARCHAR]) AND pg_catalog.pg_table_is_visible(pg_catalog.pg_class.oid) AND pg_catalog.pg_namespace.nspname != $7::VARCHAR
2025-12-04 22:09:08,723 - SECURITY - INFO - [cached since 0.001649s ago] ('test_scenarios', 'r', 'p', 'f', 'v', 'm', 'pg_catalog')
2025-12-04 22:09:08,723 - SECURITY - INFO - SELECT pg_catalog.pg_class.relname 
FROM pg_catalog.pg_class JOIN pg_catalog.pg_namespace ON pg_catalog.pg_namespace.oid = pg_catalog.pg_class.relnamespace 
WHERE pg_catalog.pg_class.relname = $1::VARCHAR AND pg_catalog.pg_class.relkind = ANY (ARRAY[$2::VARCHAR, $3::VARCHAR, $4::VARCHAR, $5::VARCHAR, $6::VARCHAR]) AND pg_catalog.pg_table_is_visible(pg_catalog.pg_class.oid) AND pg_catalog.pg_namespace.nspname != $7::VARCHAR
2025-12-04 22:09:08,723 - SECURITY - INFO - [cached since 0.002018s ago] ('training_sessions', 'r', 'p', 'f', 'v', 'm', 'pg_catalog')
2025-12-04 22:09:08,723 - SECURITY - INFO - COMMIT
2025-12-04 22:09:12,597 - SECURITY - WARNING - FORCE CLEANUP initiated
2025-12-04 22:09:13,149 - SECURITY - INFO - select pg_catalog.version()
2025-12-04 22:09:13,150 - SECURITY - INFO - [raw sql] ()
2025-12-04 22:09:13,150 - SECURITY - INFO - select current_schema()
2025-12-04 22:09:13,150 - SECURITY - INFO - [raw sql] ()
2025-12-04 22:09:13,151 - SECURITY - INFO - show standard_conforming_strings
2025-12-04 22:09:13,151 - SECURITY - INFO - [raw sql] ()
2025-12-04 22:09:13,151 - SECURITY - INFO - BEGIN (implicit)
2025-12-04 22:09:13,153 - SECURITY - INFO - SELECT pg_catalog.pg_class.relname 
FROM pg_catalog.pg_class JOIN pg_catalog.pg_namespace ON pg_catalog.pg_namespace.oid = pg_catalog.pg_class.relnamespace 
WHERE pg_catalog.pg_class.relname = $1::VARCHAR AND pg_catalog.pg_class.relkind = ANY (ARRAY[$2::VARCHAR, $3::VARCHAR, $4::VARCHAR, $5::VARCHAR, $6::VARCHAR]) AND pg_catalog.pg_table_is_visible(pg_catalog.pg_class.oid) AND pg_catalog.pg_namespace.nspname != $7::VARCHAR
2025-12-04 22:09:13,153 - SECURITY - INFO - [generated in 0.00027s] ('performance_metrics', 'r', 'p', 'f', 'v', 'm', 'pg_catalog')
2025-12-04 22:09:13,154 - SECURITY - INFO - SELECT pg_catalog.pg_class.relname 
FROM pg_catalog.pg_class JOIN pg_catalog.pg_namespace ON pg_catalog.pg_namespace.oid = pg_catalog.pg_class.relnamespace 
WHERE pg_catalog.pg_class.relname = $1::VARCHAR AND pg_catalog.pg_class.relkind = ANY (ARRAY[$2::VARCHAR, $3::VARCHAR, $4::VARCHAR, $5::VARCHAR, $6::VARCHAR]) AND pg_catalog.pg_table_is_visible(pg_catalog.pg_class.oid) AND pg_catalog.pg_namespace.nspname != $7::VARCHAR
2025-12-04 22:09:13,155 - SECURITY - INFO - [cached since 0.001796s ago] ('test_scenarios', 'r', 'p', 'f', 'v', 'm', 'pg_catalog')
2025-12-04 22:09:13,155 - SECURITY - INFO - SELECT pg_catalog.pg_class.relname 
FROM pg_catalog.pg_class JOIN pg_catalog.pg_namespace ON pg_catalog.pg_namespace.oid = pg_catalog.pg_class.relnamespace 
WHERE pg_catalog.pg_class.relname = $1::VARCHAR AND pg_catalog.pg_class.relkind = ANY (ARRAY[$2::VARCHAR, $3::VARCHAR, $4::VARCHAR, $5::VARCHAR, $6::VARCHAR]) AND pg_catalog.pg_table_is_visible(pg_catalog.pg_class.oid) AND pg_catalog.pg_namespace.nspname != $7::VARCHAR
2025-12-04 22:09:13,155 - SECURITY - INFO - [cached since 0.002189s ago] ('training_sessions', 'r', 'p', 'f', 'v', 'm', 'pg_catalog')
2025-12-04 22:09:13,155 - SECURITY - INFO - COMMIT
2025-12-04 22:09:14,172 - SECURITY - WARNING - FORCE CLEANUP initiated
2025-12-04 22:09:14,720 - SECURITY - INFO - select pg_catalog.version()
2025-12-04 22:09:14,720 - SECURITY - INFO - [raw sql] ()
2025-12-04 22:09:14,721 - SECURITY - INFO - select current_schema()
2025-12-04 22:09:14,721 - SECURITY - INFO - [raw sql] ()
2025-12-04 22:09:14,721 - SECURITY - INFO - show standard_conforming_strings
2025-12-04 22:09:14,721 - SECURITY - INFO - [raw sql] ()
2025-12-04 22:09:14,722 - SECURITY - INFO - BEGIN (implicit)
2025-12-04 22:09:14,723 - SECURITY - INFO - SELECT pg_catalog.pg_class.relname 
FROM pg_catalog.pg_class JOIN pg_catalog.pg_namespace ON pg_catalog.pg_namespace.oid = pg_catalog.pg_class.relnamespace 
WHERE pg_catalog.pg_class.relname = $1::VARCHAR AND pg_catalog.pg_class.relkind = ANY (ARRAY[$2::VARCHAR, $3::VARCHAR, $4::VARCHAR, $5::VARCHAR, $6::VARCHAR]) AND pg_catalog.pg_table_is_visible(pg_catalog.pg_class.oid) AND pg_catalog.pg_namespace.nspname != $7::VARCHAR
2025-12-04 22:09:14,723 - SECURITY - INFO - [generated in 0.00013s] ('performance_metrics', 'r', 'p', 'f', 'v', 'm', 'pg_catalog')
2025-12-04 22:09:14,725 - SECURITY - INFO - SELECT pg_catalog.pg_class.relname 
FROM pg_catalog.pg_class JOIN pg_catalog.pg_namespace ON pg_catalog.pg_namespace.oid = pg_catalog.pg_class.relnamespace 
WHERE pg_catalog.pg_class.relname = $1::VARCHAR AND pg_catalog.pg_class.relkind = ANY (ARRAY[$2::VARCHAR, $3::VARCHAR, $4::VARCHAR, $5::VARCHAR, $6::VARCHAR]) AND pg_catalog.pg_table_is_visible(pg_catalog.pg_class.oid) AND pg_catalog.pg_namespace.nspname != $7::VARCHAR
2025-12-04 22:09:14,725 - SECURITY - INFO - [cached since 0.001618s ago] ('test_scenarios', 'r', 'p', 'f', 'v', 'm', 'pg_catalog')
2025-12-04 22:09:14,725 - SECURITY - INFO - SELECT pg_catalog.pg_class.relname 
FROM pg_catalog.pg_class JOIN pg_catalog.pg_namespace ON pg_catalog.pg_namespace.oid = pg_catalog.pg_class.relnamespace 
WHERE pg_catalog.pg_class.relname = $1::VARCHAR AND pg_catalog.pg_class.relkind = ANY (ARRAY[$2::VARCHAR, $3::VARCHAR, $4::VARCHAR, $5::VARCHAR, $6::VARCHAR]) AND pg_catalog.pg_table_is_visible(pg_catalog.pg_class.oid) AND pg_catalog.pg_namespace.nspname != $7::VARCHAR
2025-12-04 22:09:14,725 - SECURITY - INFO - [cached since 0.002019s ago] ('training_sessions', 'r', 'p', 'f', 'v', 'm', 'pg_catalog')
2025-12-04 22:09:14,726 - SECURITY - INFO - COMMIT
2025-12-04 22:09:28,120 - SECURITY - WARNING - FORCE CLEANUP initiated
2025-12-04 22:09:51,489 - SECURITY - INFO - select pg_catalog.version()
2025-12-04 22:09:51,490 - SECURITY - INFO - [raw sql] ()
2025-12-04 22:09:51,491 - SECURITY - INFO - select current_schema()
2025-12-04 22:09:51,491 - SECURITY - INFO - [raw sql] ()
2025-12-04 22:09:51,492 - SECURITY - INFO - show standard_conforming_strings
2025-12-04 22:09:51,492 - SECURITY - INFO - [raw sql] ()
2025-12-04 22:09:51,492 - SECURITY - INFO - BEGIN (implicit)
2025-12-04 22:09:51,494 - SECURITY - INFO - SELECT pg_catalog.pg_class.relname 
FROM pg_catalog.pg_class JOIN pg_catalog.pg_namespace ON pg_catalog.pg_namespace.oid = pg_catalog.pg_class.relnamespace 
WHERE pg_catalog.pg_class.relname = $1::VARCHAR AND pg_catalog.pg_class.relkind = ANY (ARRAY[$2::VARCHAR, $3::VARCHAR, $4::VARCHAR, $5::VARCHAR, $6::VARCHAR]) AND pg_catalog.pg_table_is_visible(pg_catalog.pg_class.oid) AND pg_catalog.pg_namespace.nspname != $7::VARCHAR
2025-12-04 22:09:51,494 - SECURITY - INFO - [generated in 0.00013s] ('performance_metrics', 'r', 'p', 'f', 'v', 'm', 'pg_catalog')
2025-12-04 22:09:51,496 - SECURITY - INFO - SELECT pg_catalog.pg_class.relname 
FROM pg_catalog.pg_class JOIN pg_catalog.pg_namespace ON pg_catalog.pg_namespace.oid = pg_catalog.pg_class.relnamespace 
WHERE pg_catalog.pg_class.relname = $1::VARCHAR AND pg_catalog.pg_class.relkind = ANY (ARRAY[$2::VARCHAR, $3::VARCHAR, $4::VARCHAR, $5::VARCHAR, $6::VARCHAR]) AND pg_catalog.pg_table_is_visible(pg_catalog.pg_class.oid) AND pg_catalog.pg_namespace.nspname != $7::VARCHAR
2025-12-04 22:09:51,496 - SECURITY - INFO - [cached since 0.001871s ago] ('test_scenarios', 'r', 'p', 'f', 'v', 'm', 'pg_catalog')
2025-12-04 22:09:51,496 - SECURITY - INFO - SELECT pg_catalog.pg_class.relname 
FROM pg_catalog.pg_class JOIN pg_catalog.pg_namespace ON pg_catalog.pg_namespace.oid = pg_catalog.pg_class.relnamespace 
WHERE pg_catalog.pg_class.relname = $1::VARCHAR AND pg_catalog.pg_class.relkind = ANY (ARRAY[$2::VARCHAR, $3::VARCHAR, $4::VARCHAR, $5::VARCHAR, $6::VARCHAR]) AND pg_catalog.pg_table_is_visible(pg_catalog.pg_class.oid) AND pg_catalog.pg_namespace.nspname != $7::VARCHAR
2025-12-04 22:09:51,496 - SECURITY - INFO - [cached since 0.002301s ago] ('training_sessions', 'r', 'p', 'f', 'v', 'm', 'pg_catalog')
2025-12-04 22:09:51,497 - SECURITY - INFO - COMMIT
2025-12-04 22:09:57,575 - SECURITY - WARNING - FORCE CLEANUP initiated
2025-12-04 22:09:58,117 - SECURITY - INFO - select pg_catalog.version()
2025-12-04 22:09:58,117 - SECURITY - INFO - [raw sql] ()
2025-12-04 22:09:58,117 - SECURITY - INFO - select current_schema()
2025-12-04 22:09:58,118 - SECURITY - INFO - [raw sql] ()
2025-12-04 22:09:58,118 - SECURITY - INFO - show standard_conforming_strings
2025-12-04 22:09:58,118 - SECURITY - INFO - [raw sql] ()
2025-12-04 22:09:58,118 - SECURITY - INFO - BEGIN (implicit)
2025-12-04 22:09:58,120 - SECURITY - INFO - SELECT pg_catalog.pg_class.relname 
FROM pg_catalog.pg_class JOIN pg_catalog.pg_namespace ON pg_catalog.pg_namespace.oid = pg_catalog.pg_class.relnamespace 
WHERE pg_catalog.pg_class.relname = $1::VARCHAR AND pg_catalog.pg_class.relkind = ANY (ARRAY[$2::VARCHAR, $3::VARCHAR, $4::VARCHAR, $5::VARCHAR, $6::VARCHAR]) AND pg_catalog.pg_table_is_visible(pg_catalog.pg_class.oid) AND pg_catalog.pg_namespace.nspname != $7::VARCHAR
2025-12-04 22:09:58,120 - SECURITY - INFO - [generated in 0.00013s] ('performance_metrics', 'r', 'p', 'f', 'v', 'm', 'pg_catalog')
2025-12-04 22:09:58,122 - SECURITY - INFO - SELECT pg_catalog.pg_class.relname 
FROM pg_catalog.pg_class JOIN pg_catalog.pg_namespace ON pg_catalog.pg_namespace.oid = pg_catalog.pg_class.relnamespace 
WHERE pg_catalog.pg_class.relname = $1::VARCHAR AND pg_catalog.pg_class.relkind = ANY (ARRAY[$2::VARCHAR, $3::VARCHAR, $4::VARCHAR, $5::VARCHAR, $6::VARCHAR]) AND pg_catalog.pg_table_is_visible(pg_catalog.pg_class.oid) AND pg_catalog.pg_namespace.nspname != $7::VARCHAR
2025-12-04 22:09:58,122 - SECURITY - INFO - [cached since 0.001648s ago] ('test_scenarios', 'r', 'p', 'f', 'v', 'm', 'pg_catalog')
2025-12-04 22:09:58,122 - SECURITY - INFO - SELECT pg_catalog.pg_class.relname 
FROM pg_catalog.pg_class JOIN pg_catalog.pg_namespace ON pg_catalog.pg_namespace.oid = pg_catalog.pg_class.relnamespace 
WHERE pg_catalog.pg_class.relname = $1::VARCHAR AND pg_catalog.pg_class.relkind = ANY (ARRAY[$2::VARCHAR, $3::VARCHAR, $4::VARCHAR, $5::VARCHAR, $6::VARCHAR]) AND pg_catalog.pg_table_is_visible(pg_catalog.pg_class.oid) AND pg_catalog.pg_namespace.nspname != $7::VARCHAR
2025-12-04 22:09:58,122 - SECURITY - INFO - [cached since 0.002083s ago] ('training_sessions', 'r', 'p', 'f', 'v', 'm', 'pg_catalog')
2025-12-04 22:09:58,122 - SECURITY - INFO - COMMIT
2025-12-04 22:34:04,526 - SECURITY - WARNING - FORCE CLEANUP initiated
2025-12-04 22:34:05,209 - SECURITY - INFO - select pg_catalog.version()
2025-12-04 22:34:05,210 - SECURITY - INFO - [raw sql] ()
2025-12-04 22:34:05,210 - SECURITY - INFO - select current_schema()
2025-12-04 22:34:05,211 - SECURITY - INFO - [raw sql] ()
2025-12-04 22:34:05,211 - SECURITY - INFO - show standard_conforming_strings
2025-12-04 22:34:05,211 - SECURITY - INFO - [raw sql] ()
2025-12-04 22:34:05,212 - SECURITY - INFO - BEGIN (implicit)
2025-12-04 22:34:05,213 - SECURITY - INFO - SELECT pg_catalog.pg_class.relname 
FROM pg_catalog.pg_class JOIN pg_catalog.pg_namespace ON pg_catalog.pg_namespace.oid = pg_catalog.pg_class.relnamespace 
WHERE pg_catalog.pg_class.relname = $1::VARCHAR AND pg_catalog.pg_class.relkind = ANY (ARRAY[$2::VARCHAR, $3::VARCHAR, $4::VARCHAR, $5::VARCHAR, $6::VARCHAR]) AND pg_catalog.pg_table_is_visible(pg_catalog.pg_class.oid) AND pg_catalog.pg_namespace.nspname != $7::VARCHAR
2025-12-04 22:34:05,213 - SECURITY - INFO - [generated in 0.00015s] ('performance_metrics', 'r', 'p', 'f', 'v', 'm', 'pg_catalog')
2025-12-04 22:34:05,215 - SECURITY - INFO - SELECT pg_catalog.pg_class.relname 
FROM pg_catalog.pg_class JOIN pg_catalog.pg_namespace ON pg_catalog.pg_namespace.oid = pg_catalog.pg_class.relnamespace 
WHERE pg_catalog.pg_class.relname = $1::VARCHAR AND pg_catalog.pg_class.relkind = ANY (ARRAY[$2::VARCHAR, $3::VARCHAR, $4::VARCHAR, $5::VARCHAR, $6::VARCHAR]) AND pg_catalog.pg_table_is_visible(pg_catalog.pg_class.oid) AND pg_catalog.pg_namespace.nspname != $7::VARCHAR
2025-12-04 22:34:05,215 - SECURITY - INFO - [cached since 0.002237s ago] ('test_scenarios', 'r', 'p', 'f', 'v', 'm', 'pg_catalog')
2025-12-04 22:34:05,216 - SECURITY - INFO - SELECT pg_catalog.pg_class.relname 
FROM pg_catalog.pg_class JOIN pg_catalog.pg_namespace ON pg_catalog.pg_namespace.oid = pg_catalog.pg_class.relnamespace 
WHERE pg_catalog.pg_class.relname = $1::VARCHAR AND pg_catalog.pg_class.relkind = ANY (ARRAY[$2::VARCHAR, $3::VARCHAR, $4::VARCHAR, $5::VARCHAR, $6::VARCHAR]) AND pg_catalog.pg_table_is_visible(pg_catalog.pg_class.oid) AND pg_catalog.pg_namespace.nspname != $7::VARCHAR
2025-12-04 22:34:05,216 - SECURITY - INFO - [cached since 0.002715s ago] ('training_sessions', 'r', 'p', 'f', 'v', 'm', 'pg_catalog')
2025-12-04 22:34:05,216 - SECURITY - INFO - COMMIT
2025-12-04 22:34:06,950 - SECURITY - WARNING - FORCE CLEANUP initiated
2025-12-04 22:34:07,512 - SECURITY - INFO - select pg_catalog.version()
2025-12-04 22:34:07,512 - SECURITY - INFO - [raw sql] ()
2025-12-04 22:34:07,513 - SECURITY - INFO - select current_schema()
2025-12-04 22:34:07,513 - SECURITY - INFO - [raw sql] ()
2025-12-04 22:34:07,513 - SECURITY - INFO - show standard_conforming_strings
2025-12-04 22:34:07,513 - SECURITY - INFO - [raw sql] ()
2025-12-04 22:34:07,514 - SECURITY - INFO - BEGIN (implicit)
2025-12-04 22:34:07,515 - SECURITY - INFO - SELECT pg_catalog.pg_class.relname 
FROM pg_catalog.pg_class JOIN pg_catalog.pg_namespace ON pg_catalog.pg_namespace.oid = pg_catalog.pg_class.relnamespace 
WHERE pg_catalog.pg_class.relname = $1::VARCHAR AND pg_catalog.pg_class.relkind = ANY (ARRAY[$2::VARCHAR, $3::VARCHAR, $4::VARCHAR, $5::VARCHAR, $6::VARCHAR]) AND pg_catalog.pg_table_is_visible(pg_catalog.pg_class.oid) AND pg_catalog.pg_namespace.nspname != $7::VARCHAR
2025-12-04 22:34:07,515 - SECURITY - INFO - [generated in 0.00012s] ('performance_metrics', 'r', 'p', 'f', 'v', 'm', 'pg_catalog')
2025-12-04 22:34:07,517 - SECURITY - INFO - SELECT pg_catalog.pg_class.relname 
FROM pg_catalog.pg_class JOIN pg_catalog.pg_namespace ON pg_catalog.pg_namespace.oid = pg_catalog.pg_class.relnamespace 
WHERE pg_catalog.pg_class.relname = $1::VARCHAR AND pg_catalog.pg_class.relkind = ANY (ARRAY[$2::VARCHAR, $3::VARCHAR, $4::VARCHAR, $5::VARCHAR, $6::VARCHAR]) AND pg_catalog.pg_table_is_visible(pg_catalog.pg_class.oid) AND pg_catalog.pg_namespace.nspname != $7::VARCHAR
2025-12-04 22:34:07,517 - SECURITY - INFO - [cached since 0.001732s ago] ('test_scenarios', 'r', 'p', 'f', 'v', 'm', 'pg_catalog')
2025-12-04 22:34:07,517 - SECURITY - INFO - SELECT pg_catalog.pg_class.relname 
FROM pg_catalog.pg_class JOIN pg_catalog.pg_namespace ON pg_catalog.pg_namespace.oid = pg_catalog.pg_class.relnamespace 
WHERE pg_catalog.pg_class.relname = $1::VARCHAR AND pg_catalog.pg_class.relkind = ANY (ARRAY[$2::VARCHAR, $3::VARCHAR, $4::VARCHAR, $5::VARCHAR, $6::VARCHAR]) AND pg_catalog.pg_table_is_visible(pg_catalog.pg_class.oid) AND pg_catalog.pg_namespace.nspname != $7::VARCHAR
2025-12-04 22:34:07,517 - SECURITY - INFO - [cached since 0.002105s ago] ('training_sessions', 'r', 'p', 'f', 'v', 'm', 'pg_catalog')
2025-12-04 22:34:07,518 - SECURITY - INFO - COMMIT
2025-12-04 22:37:28,256 - SECURITY - WARNING - FORCE CLEANUP initiated
2025-12-04 22:37:28,982 - SECURITY - INFO - select pg_catalog.version()
2025-12-04 22:37:28,983 - SECURITY - INFO - [raw sql] ()
2025-12-04 22:37:28,983 - SECURITY - INFO - select current_schema()
2025-12-04 22:37:28,983 - SECURITY - INFO - [raw sql] ()
2025-12-04 22:37:28,984 - SECURITY - INFO - show standard_conforming_strings
2025-12-04 22:37:28,984 - SECURITY - INFO - [raw sql] ()
2025-12-04 22:37:28,984 - SECURITY - INFO - BEGIN (implicit)
2025-12-04 22:37:28,986 - SECURITY - INFO - SELECT pg_catalog.pg_class.relname 
FROM pg_catalog.pg_class JOIN pg_catalog.pg_namespace ON pg_catalog.pg_namespace.oid = pg_catalog.pg_class.relnamespace 
WHERE pg_catalog.pg_class.relname = $1::VARCHAR AND pg_catalog.pg_class.relkind = ANY (ARRAY[$2::VARCHAR, $3::VARCHAR, $4::VARCHAR, $5::VARCHAR, $6::VARCHAR]) AND pg_catalog.pg_table_is_visible(pg_catalog.pg_class.oid) AND pg_catalog.pg_namespace.nspname != $7::VARCHAR
2025-12-04 22:37:28,986 - SECURITY - INFO - [generated in 0.00015s] ('performance_metrics', 'r', 'p', 'f', 'v', 'm', 'pg_catalog')
2025-12-04 22:37:28,987 - SECURITY - INFO - SELECT pg_catalog.pg_class.relname 
FROM pg_catalog.pg_class JOIN pg_catalog.pg_namespace ON pg_catalog.pg_namespace.oid = pg_catalog.pg_class.relnamespace 
WHERE pg_catalog.pg_class.relname = $1::VARCHAR AND pg_catalog.pg_class.relkind = ANY (ARRAY[$2::VARCHAR, $3::VARCHAR, $4::VARCHAR, $5::VARCHAR, $6::VARCHAR]) AND pg_catalog.pg_table_is_visible(pg_catalog.pg_class.oid) AND pg_catalog.pg_namespace.nspname != $7::VARCHAR
2025-12-04 22:37:28,987 - SECURITY - INFO - [cached since 0.001741s ago] ('test_scenarios', 'r', 'p', 'f', 'v', 'm', 'pg_catalog')
2025-12-04 22:37:28,988 - SECURITY - INFO - SELECT pg_catalog.pg_class.relname 
FROM pg_catalog.pg_class JOIN pg_catalog.pg_namespace ON pg_catalog.pg_namespace.oid = pg_catalog.pg_class.relnamespace 
WHERE pg_catalog.pg_class.relname = $1::VARCHAR AND pg_catalog.pg_class.relkind = ANY (ARRAY[$2::VARCHAR, $3::VARCHAR, $4::VARCHAR, $5::VARCHAR, $6::VARCHAR]) AND pg_catalog.pg_table_is_visible(pg_catalog.pg_class.oid) AND pg_catalog.pg_namespace.nspname != $7::VARCHAR
2025-12-04 22:37:28,988 - SECURITY - INFO - [cached since 0.002121s ago] ('training_sessions', 'r', 'p', 'f', 'v', 'm', 'pg_catalog')
2025-12-04 22:37:28,988 - SECURITY - INFO - COMMIT
2025-12-04 22:37:30,105 - SECURITY - WARNING - FORCE CLEANUP initiated
2025-12-04 22:37:30,672 - SECURITY - INFO - select pg_catalog.version()
2025-12-04 22:37:30,672 - SECURITY - INFO - [raw sql] ()
2025-12-04 22:37:30,673 - SECURITY - INFO - select current_schema()
2025-12-04 22:37:30,673 - SECURITY - INFO - [raw sql] ()
2025-12-04 22:37:30,673 - SECURITY - INFO - show standard_conforming_strings
2025-12-04 22:37:30,673 - SECURITY - INFO - [raw sql] ()
2025-12-04 22:37:30,674 - SECURITY - INFO - BEGIN (implicit)
2025-12-04 22:37:30,675 - SECURITY - INFO - SELECT pg_catalog.pg_class.relname 
FROM pg_catalog.pg_class JOIN pg_catalog.pg_namespace ON pg_catalog.pg_namespace.oid = pg_catalog.pg_class.relnamespace 
WHERE pg_catalog.pg_class.relname = $1::VARCHAR AND pg_catalog.pg_class.relkind = ANY (ARRAY[$2::VARCHAR, $3::VARCHAR, $4::VARCHAR, $5::VARCHAR, $6::VARCHAR]) AND pg_catalog.pg_table_is_visible(pg_catalog.pg_class.oid) AND pg_catalog.pg_namespace.nspname != $7::VARCHAR
2025-12-04 22:37:30,675 - SECURITY - INFO - [generated in 0.00017s] ('performance_metrics', 'r', 'p', 'f', 'v', 'm', 'pg_catalog')
2025-12-04 22:37:30,677 - SECURITY - INFO - SELECT pg_catalog.pg_class.relname 
FROM pg_catalog.pg_class JOIN pg_catalog.pg_namespace ON pg_catalog.pg_namespace.oid = pg_catalog.pg_class.relnamespace 
WHERE pg_catalog.pg_class.relname = $1::VARCHAR AND pg_catalog.pg_class.relkind = ANY (ARRAY[$2::VARCHAR, $3::VARCHAR, $4::VARCHAR, $5::VARCHAR, $6::VARCHAR]) AND pg_catalog.pg_table_is_visible(pg_catalog.pg_class.oid) AND pg_catalog.pg_namespace.nspname != $7::VARCHAR
2025-12-04 22:37:30,677 - SECURITY - INFO - [cached since 0.001637s ago] ('test_scenarios', 'r', 'p', 'f', 'v', 'm', 'pg_catalog')
2025-12-04 22:37:30,677 - SECURITY - INFO - SELECT pg_catalog.pg_class.relname 
FROM pg_catalog.pg_class JOIN pg_catalog.pg_namespace ON pg_catalog.pg_namespace.oid = pg_catalog.pg_class.relnamespace 
WHERE pg_catalog.pg_class.relname = $1::VARCHAR AND pg_catalog.pg_class.relkind = ANY (ARRAY[$2::VARCHAR, $3::VARCHAR, $4::VARCHAR, $5::VARCHAR, $6::VARCHAR]) AND pg_catalog.pg_table_is_visible(pg_catalog.pg_class.oid) AND pg_catalog.pg_namespace.nspname != $7::VARCHAR
2025-12-04 22:37:30,677 - SECURITY - INFO - [cached since 0.002019s ago] ('training_sessions', 'r', 'p', 'f', 'v', 'm', 'pg_catalog')
2025-12-04 22:37:30,677 - SECURITY - INFO - COMMIT
2025-12-04 22:37:38,200 - SECURITY - WARNING - FORCE CLEANUP initiated
2025-12-04 22:37:38,750 - SECURITY - INFO - select pg_catalog.version()
2025-12-04 22:37:38,750 - SECURITY - INFO - [raw sql] ()
2025-12-04 22:37:38,751 - SECURITY - INFO - select current_schema()
2025-12-04 22:37:38,751 - SECURITY - INFO - [raw sql] ()
2025-12-04 22:37:38,751 - SECURITY - INFO - show standard_conforming_strings
2025-12-04 22:37:38,751 - SECURITY - INFO - [raw sql] ()
2025-12-04 22:37:38,752 - SECURITY - INFO - BEGIN (implicit)
2025-12-04 22:37:38,753 - SECURITY - INFO - SELECT pg_catalog.pg_class.relname 
FROM pg_catalog.pg_class JOIN pg_catalog.pg_namespace ON pg_catalog.pg_namespace.oid = pg_catalog.pg_class.relnamespace 
WHERE pg_catalog.pg_class.relname = $1::VARCHAR AND pg_catalog.pg_class.relkind = ANY (ARRAY[$2::VARCHAR, $3::VARCHAR, $4::VARCHAR, $5::VARCHAR, $6::VARCHAR]) AND pg_catalog.pg_table_is_visible(pg_catalog.pg_class.oid) AND pg_catalog.pg_namespace.nspname != $7::VARCHAR
2025-12-04 22:37:38,753 - SECURITY - INFO - [generated in 0.00013s] ('performance_metrics', 'r', 'p', 'f', 'v', 'm', 'pg_catalog')
2025-12-04 22:37:38,755 - SECURITY - INFO - SELECT pg_catalog.pg_class.relname 
FROM pg_catalog.pg_class JOIN pg_catalog.pg_namespace ON pg_catalog.pg_namespace.oid = pg_catalog.pg_class.relnamespace 
WHERE pg_catalog.pg_class.relname = $1::VARCHAR AND pg_catalog.pg_class.relkind = ANY (ARRAY[$2::VARCHAR, $3::VARCHAR, $4::VARCHAR, $5::VARCHAR, $6::VARCHAR]) AND pg_catalog.pg_table_is_visible(pg_catalog.pg_class.oid) AND pg_catalog.pg_namespace.nspname != $7::VARCHAR
2025-12-04 22:37:38,755 - SECURITY - INFO - [cached since 0.001686s ago] ('test_scenarios', 'r', 'p', 'f', 'v', 'm', 'pg_catalog')
2025-12-04 22:37:38,755 - SECURITY - INFO - SELECT pg_catalog.pg_class.relname 
FROM pg_catalog.pg_class JOIN pg_catalog.pg_namespace ON pg_catalog.pg_namespace.oid = pg_catalog.pg_class.relnamespace 
WHERE pg_catalog.pg_class.relname = $1::VARCHAR AND pg_catalog.pg_class.relkind = ANY (ARRAY[$2::VARCHAR, $3::VARCHAR, $4::VARCHAR, $5::VARCHAR, $6::VARCHAR]) AND pg_catalog.pg_table_is_visible(pg_catalog.pg_class.oid) AND pg_catalog.pg_namespace.nspname != $7::VARCHAR
2025-12-04 22:37:38,755 - SECURITY - INFO - [cached since 0.002037s ago] ('training_sessions', 'r', 'p', 'f', 'v', 'm', 'pg_catalog')
2025-12-04 22:37:38,756 - SECURITY - INFO - COMMIT
2025-12-04 22:37:49,634 - SECURITY - WARNING - FORCE CLEANUP initiated
2025-12-04 22:37:50,384 - SECURITY - INFO - select pg_catalog.version()
2025-12-04 22:37:50,384 - SECURITY - INFO - [raw sql] ()
2025-12-04 22:37:50,385 - SECURITY - INFO - select current_schema()
2025-12-04 22:37:50,385 - SECURITY - INFO - [raw sql] ()
2025-12-04 22:37:50,386 - SECURITY - INFO - show standard_conforming_strings
2025-12-04 22:37:50,386 - SECURITY - INFO - [raw sql] ()
2025-12-04 22:37:50,386 - SECURITY - INFO - BEGIN (implicit)
2025-12-04 22:37:50,388 - SECURITY - INFO - SELECT pg_catalog.pg_class.relname 
FROM pg_catalog.pg_class JOIN pg_catalog.pg_namespace ON pg_catalog.pg_namespace.oid = pg_catalog.pg_class.relnamespace 
WHERE pg_catalog.pg_class.relname = $1::VARCHAR AND pg_catalog.pg_class.relkind = ANY (ARRAY[$2::VARCHAR, $3::VARCHAR, $4::VARCHAR, $5::VARCHAR, $6::VARCHAR]) AND pg_catalog.pg_table_is_visible(pg_catalog.pg_class.oid) AND pg_catalog.pg_namespace.nspname != $7::VARCHAR
2025-12-04 22:37:50,388 - SECURITY - INFO - [generated in 0.00016s] ('performance_metrics', 'r', 'p', 'f', 'v', 'm', 'pg_catalog')
2025-12-04 22:37:50,390 - SECURITY - INFO - SELECT pg_catalog.pg_class.relname 
FROM pg_catalog.pg_class JOIN pg_catalog.pg_namespace ON pg_catalog.pg_namespace.oid = pg_catalog.pg_class.relnamespace 
WHERE pg_catalog.pg_class.relname = $1::VARCHAR AND pg_catalog.pg_class.relkind = ANY (ARRAY[$2::VARCHAR, $3::VARCHAR, $4::VARCHAR, $5::VARCHAR, $6::VARCHAR]) AND pg_catalog.pg_table_is_visible(pg_catalog.pg_class.oid) AND pg_catalog.pg_namespace.nspname != $7::VARCHAR
2025-12-04 22:37:50,390 - SECURITY - INFO - [cached since 0.002717s ago] ('test_scenarios', 'r', 'p', 'f', 'v', 'm', 'pg_catalog')
2025-12-04 22:37:50,391 - SECURITY - INFO - SELECT pg_catalog.pg_class.relname 
FROM pg_catalog.pg_class JOIN pg_catalog.pg_namespace ON pg_catalog.pg_namespace.oid = pg_catalog.pg_class.relnamespace 
WHERE pg_catalog.pg_class.relname = $1::VARCHAR AND pg_catalog.pg_class.relkind = ANY (ARRAY[$2::VARCHAR, $3::VARCHAR, $4::VARCHAR, $5::VARCHAR, $6::VARCHAR]) AND pg_catalog.pg_table_is_visible(pg_catalog.pg_class.oid) AND pg_catalog.pg_namespace.nspname != $7::VARCHAR
2025-12-04 22:37:50,391 - SECURITY - INFO - [cached since 0.003531s ago] ('training_sessions', 'r', 'p', 'f', 'v', 'm', 'pg_catalog')
2025-12-04 22:37:50,392 - SECURITY - INFO - COMMIT
2025-12-04 22:40:13,198 - SECURITY - WARNING - FORCE CLEANUP initiated
2025-12-04 22:40:14,371 - SECURITY - INFO - select pg_catalog.version()
2025-12-04 22:40:14,371 - SECURITY - INFO - [raw sql] ()
2025-12-04 22:40:14,373 - SECURITY - INFO - select current_schema()
2025-12-04 22:40:14,373 - SECURITY - INFO - [raw sql] ()
2025-12-04 22:40:14,373 - SECURITY - INFO - show standard_conforming_strings
2025-12-04 22:40:14,373 - SECURITY - INFO - [raw sql] ()
2025-12-04 22:40:14,374 - SECURITY - INFO - BEGIN (implicit)
2025-12-04 22:40:14,375 - SECURITY - INFO - SELECT pg_catalog.pg_class.relname 
FROM pg_catalog.pg_class JOIN pg_catalog.pg_namespace ON pg_catalog.pg_namespace.oid = pg_catalog.pg_class.relnamespace 
WHERE pg_catalog.pg_class.relname = $1::VARCHAR AND pg_catalog.pg_class.relkind = ANY (ARRAY[$2::VARCHAR, $3::VARCHAR, $4::VARCHAR, $5::VARCHAR, $6::VARCHAR]) AND pg_catalog.pg_table_is_visible(pg_catalog.pg_class.oid) AND pg_catalog.pg_namespace.nspname != $7::VARCHAR
2025-12-04 22:40:14,375 - SECURITY - INFO - [generated in 0.00013s] ('performance_metrics', 'r', 'p', 'f', 'v', 'm', 'pg_catalog')
2025-12-04 22:40:14,377 - SECURITY - INFO - SELECT pg_catalog.pg_class.relname 
FROM pg_catalog.pg_class JOIN pg_catalog.pg_namespace ON pg_catalog.pg_namespace.oid = pg_catalog.pg_class.relnamespace 
WHERE pg_catalog.pg_class.relname = $1::VARCHAR AND pg_catalog.pg_class.relkind = ANY (ARRAY[$2::VARCHAR, $3::VARCHAR, $4::VARCHAR, $5::VARCHAR, $6::VARCHAR]) AND pg_catalog.pg_table_is_visible(pg_catalog.pg_class.oid) AND pg_catalog.pg_namespace.nspname != $7::VARCHAR
2025-12-04 22:40:14,377 - SECURITY - INFO - [cached since 0.001787s ago] ('test_scenarios', 'r', 'p', 'f', 'v', 'm', 'pg_catalog')
2025-12-04 22:40:14,377 - SECURITY - INFO - SELECT pg_catalog.pg_class.relname 
FROM pg_catalog.pg_class JOIN pg_catalog.pg_namespace ON pg_catalog.pg_namespace.oid = pg_catalog.pg_class.relnamespace 
WHERE pg_catalog.pg_class.relname = $1::VARCHAR AND pg_catalog.pg_class.relkind = ANY (ARRAY[$2::VARCHAR, $3::VARCHAR, $4::VARCHAR, $5::VARCHAR, $6::VARCHAR]) AND pg_catalog.pg_table_is_visible(pg_catalog.pg_class.oid) AND pg_catalog.pg_namespace.nspname != $7::VARCHAR
2025-12-04 22:40:14,377 - SECURITY - INFO - [cached since 0.002189s ago] ('training_sessions', 'r', 'p', 'f', 'v', 'm', 'pg_catalog')
2025-12-04 22:40:14,378 - SECURITY - INFO - COMMIT
2025-12-04 22:40:54,323 - SECURITY - WARNING - FORCE CLEANUP initiated
2025-12-04 22:40:55,135 - SECURITY - INFO - select pg_catalog.version()
2025-12-04 22:40:55,135 - SECURITY - INFO - [raw sql] ()
2025-12-04 22:40:55,136 - SECURITY - INFO - select current_schema()
2025-12-04 22:40:55,136 - SECURITY - INFO - [raw sql] ()
2025-12-04 22:40:55,136 - SECURITY - INFO - show standard_conforming_strings
2025-12-04 22:40:55,136 - SECURITY - INFO - [raw sql] ()
2025-12-04 22:40:55,137 - SECURITY - INFO - BEGIN (implicit)
2025-12-04 22:40:55,138 - SECURITY - INFO - SELECT pg_catalog.pg_class.relname 
FROM pg_catalog.pg_class JOIN pg_catalog.pg_namespace ON pg_catalog.pg_namespace.oid = pg_catalog.pg_class.relnamespace 
WHERE pg_catalog.pg_class.relname = $1::VARCHAR AND pg_catalog.pg_class.relkind = ANY (ARRAY[$2::VARCHAR, $3::VARCHAR, $4::VARCHAR, $5::VARCHAR, $6::VARCHAR]) AND pg_catalog.pg_table_is_visible(pg_catalog.pg_class.oid) AND pg_catalog.pg_namespace.nspname != $7::VARCHAR
2025-12-04 22:40:55,138 - SECURITY - INFO - [generated in 0.00014s] ('performance_metrics', 'r', 'p', 'f', 'v', 'm', 'pg_catalog')
2025-12-04 22:40:55,140 - SECURITY - INFO - SELECT pg_catalog.pg_class.relname 
FROM pg_catalog.pg_class JOIN pg_catalog.pg_namespace ON pg_catalog.pg_namespace.oid = pg_catalog.pg_class.relnamespace 
WHERE pg_catalog.pg_class.relname = $1::VARCHAR AND pg_catalog.pg_class.relkind = ANY (ARRAY[$2::VARCHAR, $3::VARCHAR, $4::VARCHAR, $5::VARCHAR, $6::VARCHAR]) AND pg_catalog.pg_table_is_visible(pg_catalog.pg_class.oid) AND pg_catalog.pg_namespace.nspname != $7::VARCHAR
2025-12-04 22:40:55,140 - SECURITY - INFO - [cached since 0.001863s ago] ('test_scenarios', 'r', 'p', 'f', 'v', 'm', 'pg_catalog')
2025-12-04 22:40:55,140 - SECURITY - INFO - SELECT pg_catalog.pg_class.relname 
FROM pg_catalog.pg_class JOIN pg_catalog.pg_namespace ON pg_catalog.pg_namespace.oid = pg_catalog.pg_class.relnamespace 
WHERE pg_catalog.pg_class.relname = $1::VARCHAR AND pg_catalog.pg_class.relkind = ANY (ARRAY[$2::VARCHAR, $3::VARCHAR, $4::VARCHAR, $5::VARCHAR, $6::VARCHAR]) AND pg_catalog.pg_table_is_visible(pg_catalog.pg_class.oid) AND pg_catalog.pg_namespace.nspname != $7::VARCHAR
2025-12-04 22:40:55,141 - SECURITY - INFO - [cached since 0.002248s ago] ('training_sessions', 'r', 'p', 'f', 'v', 'm', 'pg_catalog')
2025-12-04 22:40:55,141 - SECURITY - INFO - COMMIT
2025-12-04 22:41:04,297 - SECURITY - WARNING - FORCE CLEANUP initiated
2025-12-04 22:41:05,422 - SECURITY - INFO - select pg_catalog.version()
2025-12-04 22:41:05,422 - SECURITY - INFO - [raw sql] ()
2025-12-04 22:41:05,423 - SECURITY - INFO - select current_schema()
2025-12-04 22:41:05,423 - SECURITY - INFO - [raw sql] ()
2025-12-04 22:41:05,423 - SECURITY - INFO - show standard_conforming_strings
2025-12-04 22:41:05,423 - SECURITY - INFO - [raw sql] ()
2025-12-04 22:41:05,424 - SECURITY - INFO - BEGIN (implicit)
2025-12-04 22:41:05,425 - SECURITY - INFO - SELECT pg_catalog.pg_class.relname 
FROM pg_catalog.pg_class JOIN pg_catalog.pg_namespace ON pg_catalog.pg_namespace.oid = pg_catalog.pg_class.relnamespace 
WHERE pg_catalog.pg_class.relname = $1::VARCHAR AND pg_catalog.pg_class.relkind = ANY (ARRAY[$2::VARCHAR, $3::VARCHAR, $4::VARCHAR, $5::VARCHAR, $6::VARCHAR]) AND pg_catalog.pg_table_is_visible(pg_catalog.pg_class.oid) AND pg_catalog.pg_namespace.nspname != $7::VARCHAR
2025-12-04 22:41:05,425 - SECURITY - INFO - [generated in 0.00015s] ('performance_metrics', 'r', 'p', 'f', 'v', 'm', 'pg_catalog')
2025-12-04 22:41:05,427 - SECURITY - INFO - SELECT pg_catalog.pg_class.relname 
FROM pg_catalog.pg_class JOIN pg_catalog.pg_namespace ON pg_catalog.pg_namespace.oid = pg_catalog.pg_class.relnamespace 
WHERE pg_catalog.pg_class.relname = $1::VARCHAR AND pg_catalog.pg_class.relkind = ANY (ARRAY[$2::VARCHAR, $3::VARCHAR, $4::VARCHAR, $5::VARCHAR, $6::VARCHAR]) AND pg_catalog.pg_table_is_visible(pg_catalog.pg_class.oid) AND pg_catalog.pg_namespace.nspname != $7::VARCHAR
2025-12-04 22:41:05,427 - SECURITY - INFO - [cached since 0.001978s ago] ('test_scenarios', 'r', 'p', 'f', 'v', 'm', 'pg_catalog')
2025-12-04 22:41:05,428 - SECURITY - INFO - SELECT pg_catalog.pg_class.relname 
FROM pg_catalog.pg_class JOIN pg_catalog.pg_namespace ON pg_catalog.pg_namespace.oid = pg_catalog.pg_class.relnamespace 
WHERE pg_catalog.pg_class.relname = $1::VARCHAR AND pg_catalog.pg_class.relkind = ANY (ARRAY[$2::VARCHAR, $3::VARCHAR, $4::VARCHAR, $5::VARCHAR, $6::VARCHAR]) AND pg_catalog.pg_table_is_visible(pg_catalog.pg_class.oid) AND pg_catalog.pg_namespace.nspname != $7::VARCHAR
2025-12-04 22:41:05,428 - SECURITY - INFO - [cached since 0.00235s ago] ('training_sessions', 'r', 'p', 'f', 'v', 'm', 'pg_catalog')
2025-12-04 22:41:05,428 - SECURITY - INFO - COMMIT
2025-12-04 23:41:16,722 - SECURITY - INFO - SECURE START: benchmark_suite
2025-12-04 23:41:16,723 - SECURITY - INFO - START: benchmark_suite
2025-12-04 23:41:21,830 - SECURITY - INFO - COMPLETE: benchmark_suite (5.106s)
2025-12-04 23:41:21,859 - SECURITY - INFO - SECURE COMPLETE: benchmark_suite (5.136s)
2025-12-04 23:42:08,861 - SECURITY - INFO - SECURE START: benchmark_suite
2025-12-04 23:42:08,862 - SECURITY - INFO - START: benchmark_suite
2025-12-04 23:42:13,991 - SECURITY - INFO - COMPLETE: benchmark_suite (5.129s)
2025-12-04 23:42:14,022 - SECURITY - INFO - SECURE COMPLETE: benchmark_suite (5.160s)
2025-12-04 23:44:43,472 - SECURITY - INFO - SECURE START: benchmark_suite
2025-12-04 23:44:43,473 - SECURITY - INFO - START: benchmark_suite
2025-12-04 23:44:48,595 - SECURITY - INFO - COMPLETE: benchmark_suite (5.122s)
2025-12-04 23:44:48,634 - SECURITY - INFO - SECURE COMPLETE: benchmark_suite (5.161s)
2025-12-04 23:45:53,099 - SECURITY - INFO - SECURE START: benchmark_suite
2025-12-04 23:45:53,101 - SECURITY - INFO - START: benchmark_suite
2025-12-04 23:45:58,225 - SECURITY - INFO - COMPLETE: benchmark_suite (5.124s)
2025-12-04 23:45:58,240 - SECURITY - INFO - SECURE COMPLETE: benchmark_suite (5.139s)
2025-12-04 23:51:38,205 - SECURITY - INFO - SECURE START: benchmark_suite
2025-12-04 23:51:38,207 - SECURITY - INFO - START: benchmark_suite
2025-12-04 23:51:43,331 - SECURITY - INFO - COMPLETE: benchmark_suite (5.124s)
2025-12-04 23:51:43,349 - SECURITY - INFO - SECURE COMPLETE: benchmark_suite (5.142s)
2025-12-04 23:55:43,256 - SECURITY - INFO - SECURE START: benchmark_suite
2025-12-04 23:55:43,259 - SECURITY - INFO - START: benchmark_suite
2025-12-04 23:55:48,401 - SECURITY - INFO - COMPLETE: benchmark_suite (5.142s)
2025-12-04 23:55:48,442 - SECURITY - INFO - SECURE COMPLETE: benchmark_suite (5.183s)
2025-12-05 00:18:17,044 - SECURITY - ERROR - Task exception was never retrieved
future: <Task finished name='Task-1498' coro=<TrainingEngine.start_continuous_training() done, defined at /app/training_engine.py:109> exception=KeyError('request_rate')>
Traceback (most recent call last):
  File "/app/training_engine.py", line 116, in start_continuous_training
    scenario = await self.problem_generator.generate_scenario(self.current_difficulty)
               ^^^^^^^^^^^^^^^^^^^^^^^^^^^^^^^^^^^^^^^^^^^^^^^^^^^^^^^^^^^^^^^^^^^^^^^
  File "/app/problem_generator.py", line 36, in generate_scenario
    description = self._generate_description(scenario_type, difficulty, parameters)
                  ^^^^^^^^^^^^^^^^^^^^^^^^^^^^^^^^^^^^^^^^^^^^^^^^^^^^^^^^^^^^^^^^^
  File "/app/problem_generator.py", line 119, in _generate_description
    "load_balancing": f"Balance {parameters['request_rate']} req/s across {parameters['target_nodes']} nodes",
                                 ~~~~~~~~~~^^^^^^^^^^^^^^^^
KeyError: 'request_rate'
2025-12-05 00:18:26,359 - SECURITY - INFO - SECURE START: benchmark_suite
2025-12-05 00:18:26,360 - SECURITY - INFO - START: benchmark_suite
2025-12-05 00:18:31,479 - SECURITY - INFO - COMPLETE: benchmark_suite (5.119s)
2025-12-05 00:18:31,516 - SECURITY - INFO - SECURE COMPLETE: benchmark_suite (5.156s)
2025-12-05 00:54:28,214 - SECURITY - INFO - SECURE START: stress_test
2025-12-05 00:54:45,264 - SECURITY - ERROR - Task exception was never retrieved
future: <Task finished name='Task-2807' coro=<TrainingEngine.start_continuous_training() done, defined at /app/training_engine.py:109> exception=KeyError('request_rate')>
Traceback (most recent call last):
  File "/app/training_engine.py", line 116, in start_continuous_training
    scenario = await self.problem_generator.generate_scenario(self.current_difficulty)
               ^^^^^^^^^^^^^^^^^^^^^^^^^^^^^^^^^^^^^^^^^^^^^^^^^^^^^^^^^^^^^^^^^^^^^^^
  File "/app/problem_generator.py", line 36, in generate_scenario
    description = self._generate_description(scenario_type, difficulty, parameters)
                  ^^^^^^^^^^^^^^^^^^^^^^^^^^^^^^^^^^^^^^^^^^^^^^^^^^^^^^^^^^^^^^^^^
  File "/app/problem_generator.py", line 119, in _generate_description
    "load_balancing": f"Balance {parameters['request_rate']} req/s across {parameters['target_nodes']} nodes",
                                 ~~~~~~~~~~^^^^^^^^^^^^^^^^
KeyError: 'request_rate'
2025-12-05 00:54:58,330 - SECURITY - INFO - SECURE COMPLETE: stress_test (30.114s)
2025-12-05 01:01:00,617 - SECURITY - ERROR - Task exception was never retrieved
future: <Task finished name='Task-3087' coro=<TrainingEngine.start_continuous_training() done, defined at /app/training_engine.py:109> exception=KeyError('request_rate')>
Traceback (most recent call last):
  File "/app/training_engine.py", line 116, in start_continuous_training
    scenario = await self.problem_generator.generate_scenario(self.current_difficulty)
               ^^^^^^^^^^^^^^^^^^^^^^^^^^^^^^^^^^^^^^^^^^^^^^^^^^^^^^^^^^^^^^^^^^^^^^^
  File "/app/problem_generator.py", line 36, in generate_scenario
    description = self._generate_description(scenario_type, difficulty, parameters)
                  ^^^^^^^^^^^^^^^^^^^^^^^^^^^^^^^^^^^^^^^^^^^^^^^^^^^^^^^^^^^^^^^^^
  File "/app/problem_generator.py", line 119, in _generate_description
    "load_balancing": f"Balance {parameters['request_rate']} req/s across {parameters['target_nodes']} nodes",
                                 ~~~~~~~~~~^^^^^^^^^^^^^^^^
KeyError: 'request_rate'
2025-12-05 01:01:06,699 - SECURITY - INFO - SECURE START: benchmark_suite
2025-12-05 01:01:06,700 - SECURITY - INFO - START: benchmark_suite
2025-12-05 01:01:11,855 - SECURITY - INFO - COMPLETE: benchmark_suite (5.155s)
2025-12-05 01:01:11,870 - SECURITY - INFO - SECURE COMPLETE: benchmark_suite (5.170s)
2025-12-05 01:26:13,592 - SECURITY - WARNING - FORCE CLEANUP initiated
2025-12-05 01:26:14,707 - SECURITY - INFO - select pg_catalog.version()
2025-12-05 01:26:14,708 - SECURITY - INFO - [raw sql] ()
2025-12-05 01:26:14,708 - SECURITY - INFO - select current_schema()
2025-12-05 01:26:14,708 - SECURITY - INFO - [raw sql] ()
2025-12-05 01:26:14,710 - SECURITY - INFO - show standard_conforming_strings
2025-12-05 01:26:14,710 - SECURITY - INFO - [raw sql] ()
2025-12-05 01:26:14,710 - SECURITY - INFO - BEGIN (implicit)
2025-12-05 01:26:14,712 - SECURITY - INFO - SELECT pg_catalog.pg_class.relname 
FROM pg_catalog.pg_class JOIN pg_catalog.pg_namespace ON pg_catalog.pg_namespace.oid = pg_catalog.pg_class.relnamespace 
WHERE pg_catalog.pg_class.relname = $1::VARCHAR AND pg_catalog.pg_class.relkind = ANY (ARRAY[$2::VARCHAR, $3::VARCHAR, $4::VARCHAR, $5::VARCHAR, $6::VARCHAR]) AND pg_catalog.pg_table_is_visible(pg_catalog.pg_class.oid) AND pg_catalog.pg_namespace.nspname != $7::VARCHAR
2025-12-05 01:26:14,712 - SECURITY - INFO - [generated in 0.00025s] ('performance_metrics', 'r', 'p', 'f', 'v', 'm', 'pg_catalog')
2025-12-05 01:26:14,717 - SECURITY - INFO - SELECT pg_catalog.pg_class.relname 
FROM pg_catalog.pg_class JOIN pg_catalog.pg_namespace ON pg_catalog.pg_namespace.oid = pg_catalog.pg_class.relnamespace 
WHERE pg_catalog.pg_class.relname = $1::VARCHAR AND pg_catalog.pg_class.relkind = ANY (ARRAY[$2::VARCHAR, $3::VARCHAR, $4::VARCHAR, $5::VARCHAR, $6::VARCHAR]) AND pg_catalog.pg_table_is_visible(pg_catalog.pg_class.oid) AND pg_catalog.pg_namespace.nspname != $7::VARCHAR
2025-12-05 01:26:14,718 - SECURITY - INFO - [cached since 0.00546s ago] ('test_scenarios', 'r', 'p', 'f', 'v', 'm', 'pg_catalog')
2025-12-05 01:26:14,718 - SECURITY - INFO - SELECT pg_catalog.pg_class.relname 
FROM pg_catalog.pg_class JOIN pg_catalog.pg_namespace ON pg_catalog.pg_namespace.oid = pg_catalog.pg_class.relnamespace 
WHERE pg_catalog.pg_class.relname = $1::VARCHAR AND pg_catalog.pg_class.relkind = ANY (ARRAY[$2::VARCHAR, $3::VARCHAR, $4::VARCHAR, $5::VARCHAR, $6::VARCHAR]) AND pg_catalog.pg_table_is_visible(pg_catalog.pg_class.oid) AND pg_catalog.pg_namespace.nspname != $7::VARCHAR
2025-12-05 01:26:14,718 - SECURITY - INFO - [cached since 0.006043s ago] ('training_sessions', 'r', 'p', 'f', 'v', 'm', 'pg_catalog')
2025-12-05 01:26:14,719 - SECURITY - INFO - COMMIT
2025-12-05 01:26:15,428 - SECURITY - WARNING - FORCE CLEANUP initiated
2025-12-05 01:26:15,980 - SECURITY - INFO - select pg_catalog.version()
2025-12-05 01:26:15,980 - SECURITY - INFO - [raw sql] ()
2025-12-05 01:26:15,981 - SECURITY - INFO - select current_schema()
2025-12-05 01:26:15,981 - SECURITY - INFO - [raw sql] ()
2025-12-05 01:26:15,981 - SECURITY - INFO - show standard_conforming_strings
2025-12-05 01:26:15,982 - SECURITY - INFO - [raw sql] ()
2025-12-05 01:26:15,982 - SECURITY - INFO - BEGIN (implicit)
2025-12-05 01:26:15,983 - SECURITY - INFO - SELECT pg_catalog.pg_class.relname 
FROM pg_catalog.pg_class JOIN pg_catalog.pg_namespace ON pg_catalog.pg_namespace.oid = pg_catalog.pg_class.relnamespace 
WHERE pg_catalog.pg_class.relname = $1::VARCHAR AND pg_catalog.pg_class.relkind = ANY (ARRAY[$2::VARCHAR, $3::VARCHAR, $4::VARCHAR, $5::VARCHAR, $6::VARCHAR]) AND pg_catalog.pg_table_is_visible(pg_catalog.pg_class.oid) AND pg_catalog.pg_namespace.nspname != $7::VARCHAR
2025-12-05 01:26:15,983 - SECURITY - INFO - [generated in 0.00014s] ('performance_metrics', 'r', 'p', 'f', 'v', 'm', 'pg_catalog')
2025-12-05 01:26:15,985 - SECURITY - INFO - SELECT pg_catalog.pg_class.relname 
FROM pg_catalog.pg_class JOIN pg_catalog.pg_namespace ON pg_catalog.pg_namespace.oid = pg_catalog.pg_class.relnamespace 
WHERE pg_catalog.pg_class.relname = $1::VARCHAR AND pg_catalog.pg_class.relkind = ANY (ARRAY[$2::VARCHAR, $3::VARCHAR, $4::VARCHAR, $5::VARCHAR, $6::VARCHAR]) AND pg_catalog.pg_table_is_visible(pg_catalog.pg_class.oid) AND pg_catalog.pg_namespace.nspname != $7::VARCHAR
2025-12-05 01:26:15,985 - SECURITY - INFO - [cached since 0.001556s ago] ('test_scenarios', 'r', 'p', 'f', 'v', 'm', 'pg_catalog')
2025-12-05 01:26:15,985 - SECURITY - INFO - SELECT pg_catalog.pg_class.relname 
FROM pg_catalog.pg_class JOIN pg_catalog.pg_namespace ON pg_catalog.pg_namespace.oid = pg_catalog.pg_class.relnamespace 
WHERE pg_catalog.pg_class.relname = $1::VARCHAR AND pg_catalog.pg_class.relkind = ANY (ARRAY[$2::VARCHAR, $3::VARCHAR, $4::VARCHAR, $5::VARCHAR, $6::VARCHAR]) AND pg_catalog.pg_table_is_visible(pg_catalog.pg_class.oid) AND pg_catalog.pg_namespace.nspname != $7::VARCHAR
2025-12-05 01:26:15,985 - SECURITY - INFO - [cached since 0.001978s ago] ('training_sessions', 'r', 'p', 'f', 'v', 'm', 'pg_catalog')
2025-12-05 01:26:15,986 - SECURITY - INFO - COMMIT
2025-12-05 01:27:35,653 - SECURITY - WARNING - FORCE CLEANUP initiated
2025-12-05 01:27:36,409 - SECURITY - INFO - select pg_catalog.version()
2025-12-05 01:27:36,409 - SECURITY - INFO - [raw sql] ()
2025-12-05 01:27:36,410 - SECURITY - INFO - select current_schema()
2025-12-05 01:27:36,410 - SECURITY - INFO - [raw sql] ()
2025-12-05 01:27:36,411 - SECURITY - INFO - show standard_conforming_strings
2025-12-05 01:27:36,411 - SECURITY - INFO - [raw sql] ()
2025-12-05 01:27:36,412 - SECURITY - INFO - BEGIN (implicit)
2025-12-05 01:27:36,413 - SECURITY - INFO - SELECT pg_catalog.pg_class.relname 
FROM pg_catalog.pg_class JOIN pg_catalog.pg_namespace ON pg_catalog.pg_namespace.oid = pg_catalog.pg_class.relnamespace 
WHERE pg_catalog.pg_class.relname = $1::VARCHAR AND pg_catalog.pg_class.relkind = ANY (ARRAY[$2::VARCHAR, $3::VARCHAR, $4::VARCHAR, $5::VARCHAR, $6::VARCHAR]) AND pg_catalog.pg_table_is_visible(pg_catalog.pg_class.oid) AND pg_catalog.pg_namespace.nspname != $7::VARCHAR
2025-12-05 01:27:36,413 - SECURITY - INFO - [generated in 0.00017s] ('performance_metrics', 'r', 'p', 'f', 'v', 'm', 'pg_catalog')
2025-12-05 01:27:36,416 - SECURITY - INFO - SELECT pg_catalog.pg_class.relname 
FROM pg_catalog.pg_class JOIN pg_catalog.pg_namespace ON pg_catalog.pg_namespace.oid = pg_catalog.pg_class.relnamespace 
WHERE pg_catalog.pg_class.relname = $1::VARCHAR AND pg_catalog.pg_class.relkind = ANY (ARRAY[$2::VARCHAR, $3::VARCHAR, $4::VARCHAR, $5::VARCHAR, $6::VARCHAR]) AND pg_catalog.pg_table_is_visible(pg_catalog.pg_class.oid) AND pg_catalog.pg_namespace.nspname != $7::VARCHAR
2025-12-05 01:27:36,416 - SECURITY - INFO - [cached since 0.00259s ago] ('test_scenarios', 'r', 'p', 'f', 'v', 'm', 'pg_catalog')
2025-12-05 01:27:36,416 - SECURITY - INFO - SELECT pg_catalog.pg_class.relname 
FROM pg_catalog.pg_class JOIN pg_catalog.pg_namespace ON pg_catalog.pg_namespace.oid = pg_catalog.pg_class.relnamespace 
WHERE pg_catalog.pg_class.relname = $1::VARCHAR AND pg_catalog.pg_class.relkind = ANY (ARRAY[$2::VARCHAR, $3::VARCHAR, $4::VARCHAR, $5::VARCHAR, $6::VARCHAR]) AND pg_catalog.pg_table_is_visible(pg_catalog.pg_class.oid) AND pg_catalog.pg_namespace.nspname != $7::VARCHAR
2025-12-05 01:27:36,416 - SECURITY - INFO - [cached since 0.002989s ago] ('training_sessions', 'r', 'p', 'f', 'v', 'm', 'pg_catalog')
2025-12-05 01:27:36,417 - SECURITY - INFO - COMMIT
2025-12-05 01:27:38,961 - SECURITY - WARNING - FORCE CLEANUP initiated
2025-12-05 01:27:39,524 - SECURITY - INFO - select pg_catalog.version()
2025-12-05 01:27:39,524 - SECURITY - INFO - [raw sql] ()
2025-12-05 01:27:39,525 - SECURITY - INFO - select current_schema()
2025-12-05 01:27:39,525 - SECURITY - INFO - [raw sql] ()
2025-12-05 01:27:39,525 - SECURITY - INFO - show standard_conforming_strings
2025-12-05 01:27:39,525 - SECURITY - INFO - [raw sql] ()
2025-12-05 01:27:39,526 - SECURITY - INFO - BEGIN (implicit)
2025-12-05 01:27:39,527 - SECURITY - INFO - SELECT pg_catalog.pg_class.relname 
FROM pg_catalog.pg_class JOIN pg_catalog.pg_namespace ON pg_catalog.pg_namespace.oid = pg_catalog.pg_class.relnamespace 
WHERE pg_catalog.pg_class.relname = $1::VARCHAR AND pg_catalog.pg_class.relkind = ANY (ARRAY[$2::VARCHAR, $3::VARCHAR, $4::VARCHAR, $5::VARCHAR, $6::VARCHAR]) AND pg_catalog.pg_table_is_visible(pg_catalog.pg_class.oid) AND pg_catalog.pg_namespace.nspname != $7::VARCHAR
2025-12-05 01:27:39,527 - SECURITY - INFO - [generated in 0.00013s] ('performance_metrics', 'r', 'p', 'f', 'v', 'm', 'pg_catalog')
2025-12-05 01:27:39,529 - SECURITY - INFO - SELECT pg_catalog.pg_class.relname 
FROM pg_catalog.pg_class JOIN pg_catalog.pg_namespace ON pg_catalog.pg_namespace.oid = pg_catalog.pg_class.relnamespace 
WHERE pg_catalog.pg_class.relname = $1::VARCHAR AND pg_catalog.pg_class.relkind = ANY (ARRAY[$2::VARCHAR, $3::VARCHAR, $4::VARCHAR, $5::VARCHAR, $6::VARCHAR]) AND pg_catalog.pg_table_is_visible(pg_catalog.pg_class.oid) AND pg_catalog.pg_namespace.nspname != $7::VARCHAR
2025-12-05 01:27:39,529 - SECURITY - INFO - [cached since 0.001698s ago] ('test_scenarios', 'r', 'p', 'f', 'v', 'm', 'pg_catalog')
2025-12-05 01:27:39,529 - SECURITY - INFO - SELECT pg_catalog.pg_class.relname 
FROM pg_catalog.pg_class JOIN pg_catalog.pg_namespace ON pg_catalog.pg_namespace.oid = pg_catalog.pg_class.relnamespace 
WHERE pg_catalog.pg_class.relname = $1::VARCHAR AND pg_catalog.pg_class.relkind = ANY (ARRAY[$2::VARCHAR, $3::VARCHAR, $4::VARCHAR, $5::VARCHAR, $6::VARCHAR]) AND pg_catalog.pg_table_is_visible(pg_catalog.pg_class.oid) AND pg_catalog.pg_namespace.nspname != $7::VARCHAR
2025-12-05 01:27:39,529 - SECURITY - INFO - [cached since 0.002075s ago] ('training_sessions', 'r', 'p', 'f', 'v', 'm', 'pg_catalog')
2025-12-05 01:27:39,530 - SECURITY - INFO - COMMIT
2025-12-05 01:29:40,333 - SECURITY - WARNING - FORCE CLEANUP initiated
2025-12-05 01:29:41,121 - SECURITY - INFO - select pg_catalog.version()
2025-12-05 01:29:41,122 - SECURITY - INFO - [raw sql] ()
2025-12-05 01:29:41,123 - SECURITY - INFO - select current_schema()
2025-12-05 01:29:41,123 - SECURITY - INFO - [raw sql] ()
2025-12-05 01:29:41,124 - SECURITY - INFO - show standard_conforming_strings
2025-12-05 01:29:41,124 - SECURITY - INFO - [raw sql] ()
2025-12-05 01:29:41,125 - SECURITY - INFO - BEGIN (implicit)
2025-12-05 01:29:41,126 - SECURITY - INFO - SELECT pg_catalog.pg_class.relname 
FROM pg_catalog.pg_class JOIN pg_catalog.pg_namespace ON pg_catalog.pg_namespace.oid = pg_catalog.pg_class.relnamespace 
WHERE pg_catalog.pg_class.relname = $1::VARCHAR AND pg_catalog.pg_class.relkind = ANY (ARRAY[$2::VARCHAR, $3::VARCHAR, $4::VARCHAR, $5::VARCHAR, $6::VARCHAR]) AND pg_catalog.pg_table_is_visible(pg_catalog.pg_class.oid) AND pg_catalog.pg_namespace.nspname != $7::VARCHAR
2025-12-05 01:29:41,127 - SECURITY - INFO - [generated in 0.00031s] ('performance_metrics', 'r', 'p', 'f', 'v', 'm', 'pg_catalog')
2025-12-05 01:29:41,130 - SECURITY - INFO - SELECT pg_catalog.pg_class.relname 
FROM pg_catalog.pg_class JOIN pg_catalog.pg_namespace ON pg_catalog.pg_namespace.oid = pg_catalog.pg_class.relnamespace 
WHERE pg_catalog.pg_class.relname = $1::VARCHAR AND pg_catalog.pg_class.relkind = ANY (ARRAY[$2::VARCHAR, $3::VARCHAR, $4::VARCHAR, $5::VARCHAR, $6::VARCHAR]) AND pg_catalog.pg_table_is_visible(pg_catalog.pg_class.oid) AND pg_catalog.pg_namespace.nspname != $7::VARCHAR
2025-12-05 01:29:41,130 - SECURITY - INFO - [cached since 0.003708s ago] ('test_scenarios', 'r', 'p', 'f', 'v', 'm', 'pg_catalog')
2025-12-05 01:29:41,131 - SECURITY - INFO - SELECT pg_catalog.pg_class.relname 
FROM pg_catalog.pg_class JOIN pg_catalog.pg_namespace ON pg_catalog.pg_namespace.oid = pg_catalog.pg_class.relnamespace 
WHERE pg_catalog.pg_class.relname = $1::VARCHAR AND pg_catalog.pg_class.relkind = ANY (ARRAY[$2::VARCHAR, $3::VARCHAR, $4::VARCHAR, $5::VARCHAR, $6::VARCHAR]) AND pg_catalog.pg_table_is_visible(pg_catalog.pg_class.oid) AND pg_catalog.pg_namespace.nspname != $7::VARCHAR
2025-12-05 01:29:41,131 - SECURITY - INFO - [cached since 0.004821s ago] ('training_sessions', 'r', 'p', 'f', 'v', 'm', 'pg_catalog')
2025-12-05 01:29:41,132 - SECURITY - INFO - COMMIT
2025-12-05 01:29:42,454 - SECURITY - WARNING - FORCE CLEANUP initiated
2025-12-05 01:29:42,987 - SECURITY - INFO - select pg_catalog.version()
2025-12-05 01:29:42,987 - SECURITY - INFO - [raw sql] ()
2025-12-05 01:29:42,988 - SECURITY - INFO - select current_schema()
2025-12-05 01:29:42,988 - SECURITY - INFO - [raw sql] ()
2025-12-05 01:29:42,989 - SECURITY - INFO - show standard_conforming_strings
2025-12-05 01:29:42,989 - SECURITY - INFO - [raw sql] ()
2025-12-05 01:29:42,989 - SECURITY - INFO - BEGIN (implicit)
2025-12-05 01:29:42,991 - SECURITY - INFO - SELECT pg_catalog.pg_class.relname 
FROM pg_catalog.pg_class JOIN pg_catalog.pg_namespace ON pg_catalog.pg_namespace.oid = pg_catalog.pg_class.relnamespace 
WHERE pg_catalog.pg_class.relname = $1::VARCHAR AND pg_catalog.pg_class.relkind = ANY (ARRAY[$2::VARCHAR, $3::VARCHAR, $4::VARCHAR, $5::VARCHAR, $6::VARCHAR]) AND pg_catalog.pg_table_is_visible(pg_catalog.pg_class.oid) AND pg_catalog.pg_namespace.nspname != $7::VARCHAR
2025-12-05 01:29:42,991 - SECURITY - INFO - [generated in 0.00013s] ('performance_metrics', 'r', 'p', 'f', 'v', 'm', 'pg_catalog')
2025-12-05 01:29:42,992 - SECURITY - INFO - SELECT pg_catalog.pg_class.relname 
FROM pg_catalog.pg_class JOIN pg_catalog.pg_namespace ON pg_catalog.pg_namespace.oid = pg_catalog.pg_class.relnamespace 
WHERE pg_catalog.pg_class.relname = $1::VARCHAR AND pg_catalog.pg_class.relkind = ANY (ARRAY[$2::VARCHAR, $3::VARCHAR, $4::VARCHAR, $5::VARCHAR, $6::VARCHAR]) AND pg_catalog.pg_table_is_visible(pg_catalog.pg_class.oid) AND pg_catalog.pg_namespace.nspname != $7::VARCHAR
2025-12-05 01:29:42,992 - SECURITY - INFO - [cached since 0.001724s ago] ('test_scenarios', 'r', 'p', 'f', 'v', 'm', 'pg_catalog')
2025-12-05 01:29:42,993 - SECURITY - INFO - SELECT pg_catalog.pg_class.relname 
FROM pg_catalog.pg_class JOIN pg_catalog.pg_namespace ON pg_catalog.pg_namespace.oid = pg_catalog.pg_class.relnamespace 
WHERE pg_catalog.pg_class.relname = $1::VARCHAR AND pg_catalog.pg_class.relkind = ANY (ARRAY[$2::VARCHAR, $3::VARCHAR, $4::VARCHAR, $5::VARCHAR, $6::VARCHAR]) AND pg_catalog.pg_table_is_visible(pg_catalog.pg_class.oid) AND pg_catalog.pg_namespace.nspname != $7::VARCHAR
2025-12-05 01:29:42,993 - SECURITY - INFO - [cached since 0.002114s ago] ('training_sessions', 'r', 'p', 'f', 'v', 'm', 'pg_catalog')
2025-12-05 01:29:42,993 - SECURITY - INFO - COMMIT
2025-12-05 01:30:04,625 - SECURITY - WARNING - FORCE CLEANUP initiated
